[0805/132240.498:ERROR:process_memory_win.cc(73)] ReadMemory at 0x13452150000 of 64 bytes failed: ReadProcessMemory veya WriteProcessMemory isteðinin sadece bir parçasý tamamlandý. (0x12B)
[0805/132240.498:WARNING:pe_image_reader.cc(340)] could not read dos header from C:\Windows\System32\RPCRT4.dll
[0805/132240.498:ERROR:process_memory_win.cc(73)] ReadMemory at 0x7ffb28c30000 of 64 bytes failed: ReadProcessMemory veya WriteProcessMemory isteðinin sadece bir parçasý tamamlandý. (0x12B)
[0805/132240.498:WARNING:pe_image_reader.cc(340)] could not read dos header from C:\Program Files (x86)\Google\Chrome\Application\84.0.4147.105\chrome.dll
[0805/132240.499:ERROR:process_memory_win.cc(73)] ReadMemory at 0x7ff7eead0000 of 64 bytes failed: ReadProcessMemory veya WriteProcessMemory isteðinin sadece bir parçasý tamamlandý. (0x12B)
[0805/132240.499:WARNING:pe_image_reader.cc(340)] could not read dos header from C:\Program Files (x86)\Google\Chrome\Application\chrome.exe
[0805/132240.499:ERROR:process_memory_win.cc(73)] ReadMemory at 0x7ff7eead0000 of 64 bytes failed: ReadProcessMemory veya WriteProcessMemory isteðinin sadece bir parçasý tamamlandý. (0x12B)
[0805/132240.499:WARNING:pe_image_reader.cc(340)] could not read dos header from C:\Program Files (x86)\Google\Chrome\Application\chrome.exe
[0805/132240.499:ERROR:process_memory_win.cc(73)] ReadMemory at 0x7ffb57120000 of 64 bytes failed: ReadProcessMemory veya WriteProcessMemory isteðinin sadece bir parçasý tamamlandý. (0x12B)
[0805/132240.499:WARNING:pe_image_reader.cc(340)] could not read dos header from C:\Program Files (x86)\Google\Chrome\Application\84.0.4147.105\chrome_elf.dll
[0805/132240.499:ERROR:process_memory_win.cc(73)] ReadMemory at 0x7ffb57120000 of 64 bytes failed: ReadProcessMemory veya WriteProcessMemory isteðinin sadece bir parçasý tamamlandý. (0x12B)
[0805/132240.499:WARNING:pe_image_reader.cc(340)] could not read dos header from C:\Program Files (x86)\Google\Chrome\Application\84.0.4147.105\chrome_elf.dll
[0805/132240.499:ERROR:process_memory_win.cc(73)] ReadMemory at 0x13452150000 of 64 bytes failed: ReadProcessMemory veya WriteProcessMemory isteðinin sadece bir parçasý tamamlandý. (0x12B)
[0805/132240.499:WARNING:pe_image_reader.cc(340)] could not read dos header from C:\Windows\System32\RPCRT4.dll
[0805/132240.499:ERROR:process_memory_win.cc(73)] ReadMemory at 0x13452150000 of 64 bytes failed: ReadProcessMemory veya WriteProcessMemory isteðinin sadece bir parçasý tamamlandý. (0x12B)
[0805/132240.499:WARNING:pe_image_reader.cc(340)] could not read dos header from C:\Windows\System32\RPCRT4.dll
[0805/132240.499:ERROR:process_memory_win.cc(73)] ReadMemory at 0x7ffb28c30000 of 64 bytes failed: ReadProcessMemory veya WriteProcessMemory isteðinin sadece bir parçasý tamamlandý. (0x12B)
[0805/132240.499:WARNING:pe_image_reader.cc(340)] could not read dos header from C:\Program Files (x86)\Google\Chrome\Application\84.0.4147.105\chrome.dll
[0805/132240.499:ERROR:process_memory_win.cc(73)] ReadMemory at 0x7ffb28c30000 of 64 bytes failed: ReadProcessMemory veya WriteProcessMemory isteðinin sadece bir parçasý tamamlandý. (0x12B)
[0805/132240.499:WARNING:pe_image_reader.cc(340)] could not read dos header from C:\Program Files (x86)\Google\Chrome\Application\84.0.4147.105\chrome.dll
[0805/132240.500:ERROR:process_memory_win.cc(73)] ReadMemory at 0x7ffb9dda0000 of 64 bytes failed: ReadProcessMemory veya WriteProcessMemory isteðinin sadece bir parçasý tamamlandý. (0x12B)
[0805/132240.500:WARNING:pe_image_reader.cc(340)] could not read dos header from C:\Windows\System32\OLEAUT32.dll
[0805/132240.500:ERROR:process_memory_win.cc(73)] ReadMemory at 0x7ffb9dda0000 of 64 bytes failed: ReadProcessMemory veya WriteProcessMemory isteðinin sadece bir parçasý tamamlandý. (0x12B)
[0805/132240.500:WARNING:pe_image_reader.cc(340)] could not read dos header from C:\Windows\System32\OLEAUT32.dll
[0805/132240.500:ERROR:process_memory_win.cc(73)] ReadMemory at 0x7ffb9d2b0000 of 64 bytes failed: ReadProcessMemory veya WriteProcessMemory isteðinin sadece bir parçasý tamamlandý. (0x12B)
[0805/132240.500:WARNING:pe_image_reader.cc(340)] could not read dos header from C:\Windows\System32\msvcp_win.dll
[0805/132240.500:ERROR:process_memory_win.cc(73)] ReadMemory at 0x7ffb9d2b0000 of 64 bytes failed: ReadProcessMemory veya WriteProcessMemory isteðinin sadece bir parçasý tamamlandý. (0x12B)
[0805/132240.500:WARNING:pe_image_reader.cc(340)] could not read dos header from C:\Windows\System32\msvcp_win.dll
[0805/132240.500:ERROR:process_memory_win.cc(73)] ReadMemory at 0x7ffb9c280000 of 64 bytes failed: ReadProcessMemory veya WriteProcessMemory isteðinin sadece bir parçasý tamamlandý. (0x12B)
[0805/132240.500:WARNING:pe_image_reader.cc(340)] could not read dos header from C:\Windows\System32\ucrtbase.dll
[0805/132240.500:ERROR:process_memory_win.cc(73)] ReadMemory at 0x7ffb9c280000 of 64 bytes failed: ReadProcessMemory veya WriteProcessMemory isteðinin sadece bir parçasý tamamlandý. (0x12B)
[0805/132240.500:WARNING:pe_image_reader.cc(340)] could not read dos header from C:\Windows\System32\ucrtbase.dll
[0805/132240.500:ERROR:process_memory_win.cc(73)] ReadMemory at 0x7ffb9e9b0000 of 64 bytes failed: ReadProcessMemory veya WriteProcessMemory isteðinin sadece bir parçasý tamamlandý. (0x12B)
[0805/132240.500:WARNING:pe_image_reader.cc(340)] could not read dos header from C:\Windows\System32\combase.dll
[0805/132240.500:ERROR:process_memory_win.cc(73)] ReadMemory at 0x7ffb9e9b0000 of 64 bytes failed: ReadProcessMemory veya WriteProcessMemory isteðinin sadece bir parçasý tamamlandý. (0x12B)
[0805/132240.500:WARNING:pe_image_reader.cc(340)] could not read dos header from C:\Windows\System32\combase.dll
[0805/132240.500:ERROR:process_memory_win.cc(73)] ReadMemory at 0x7ffb9c220000 of 64 bytes failed: ReadProcessMemory veya WriteProcessMemory isteðinin sadece bir parçasý tamamlandý. (0x12B)
[0805/132240.500:WARNING:pe_image_reader.cc(340)] could not read dos header from C:\Windows\System32\WINTRUST.dll
[0805/132240.500:ERROR:process_memory_win.cc(73)] ReadMemory at 0x7ffb9c220000 of 64 bytes failed: ReadProcessMemory veya WriteProcessMemory isteðinin sadece bir parçasý tamamlandý. (0x12B)
[0805/132240.500:WARNING:pe_image_reader.cc(340)] could not read dos header from C:\Windows\System32\WINTRUST.dll
[0805/132240.500:ERROR:process_memory_win.cc(73)] ReadMemory at 0x7ffb9c1b0000 of 64 bytes failed: ReadProcessMemory veya WriteProcessMemory isteðinin sadece bir parçasý tamamlandý. (0x12B)
[0805/132240.500:WARNING:pe_image_reader.cc(340)] could not read dos header from C:\Windows\System32\MSASN1.dll
[0805/132240.500:ERROR:process_memory_win.cc(73)] ReadMemory at 0x7ffb9c1b0000 of 64 bytes failed: ReadProcessMemory veya WriteProcessMemory isteðinin sadece bir parçasý tamamlandý. (0x12B)
[0805/132240.500:WARNING:pe_image_reader.cc(340)] could not read dos header from C:\Windows\System32\MSASN1.dll
[0805/132240.500:ERROR:process_memory_win.cc(73)] ReadMemory at 0x7ffb9cd90000 of 64 bytes failed: ReadProcessMemory veya WriteProcessMemory isteðinin sadece bir parçasý tamamlandý. (0x12B)
[0805/132240.500:WARNING:pe_image_reader.cc(340)] could not read dos header from C:\Windows\System32\CRYPT32.dll
[0805/132240.500:ERROR:process_memory_win.cc(73)] ReadMemory at 0x7ffb9cd90000 of 64 bytes failed: ReadProcessMemory veya WriteProcessMemory isteðinin sadece bir parçasý tamamlandý. (0x12B)
[0805/132240.501:WARNING:pe_image_reader.cc(340)] could not read dos header from C:\Windows\System32\CRYPT32.dll
[0805/132240.501:ERROR:process_memory_win.cc(73)] ReadMemory at 0x7ffb9aff0000 of 64 bytes failed: ReadProcessMemory veya WriteProcessMemory isteðinin sadece bir parçasý tamamlandý. (0x12B)
[0805/132240.501:WARNING:pe_image_reader.cc(340)] could not read dos header from C:\Windows\SYSTEM32\IPHLPAPI.DLL
[0805/132240.501:ERROR:process_memory_win.cc(73)] ReadMemory at 0x7ffb9aff0000 of 64 bytes failed: ReadProcessMemory veya WriteProcessMemory isteðinin sadece bir parçasý tamamlandý. (0x12B)
[0805/132240.501:WARNING:pe_image_reader.cc(340)] could not read dos header from C:\Windows\SYSTEM32\IPHLPAPI.DLL
[0805/132240.501:ERROR:process_memory_win.cc(73)] ReadMemory at 0x7ffb99d60000 of 64 bytes failed: ReadProcessMemory veya WriteProcessMemory isteðinin sadece bir parçasý tamamlandý. (0x12B)
[0805/132240.501:WARNING:pe_image_reader.cc(340)] could not read dos header from C:\Windows\SYSTEM32\WINMM.dll
[0805/132240.501:ERROR:process_memory_win.cc(73)] ReadMemory at 0x7ffb99d60000 of 64 bytes failed: ReadProcessMemory veya WriteProcessMemory isteðinin sadece bir parçasý tamamlandý. (0x12B)
[0805/132240.501:WARNING:pe_image_reader.cc(340)] could not read dos header from C:\Windows\SYSTEM32\WINMM.dll
[0805/132240.501:ERROR:process_memory_win.cc(73)] ReadMemory at 0x7ffb861a0000 of 64 bytes failed: ReadProcessMemory veya WriteProcessMemory isteðinin sadece bir parçasý tamamlandý. (0x12B)
[0805/132240.501:WARNING:pe_image_reader.cc(340)] could not read dos header from C:\Windows\SYSTEM32\Secur32.dll
[0805/132240.501:ERROR:process_memory_win.cc(73)] ReadMemory at 0x7ffb861a0000 of 64 bytes failed: ReadProcessMemory veya WriteProcessMemory isteðinin sadece bir parçasý tamamlandý. (0x12B)
[0805/132240.501:WARNING:pe_image_reader.cc(340)] could not read dos header from C:\Windows\SYSTEM32\Secur32.dll
[0805/132240.501:ERROR:process_memory_win.cc(73)] ReadMemory at 0x7ffb9c070000 of 64 bytes failed: ReadProcessMemory veya WriteProcessMemory isteðinin sadece bir parçasý tamamlandý. (0x12B)
[0805/132240.501:WARNING:pe_image_reader.cc(340)] could not read dos header from C:\Windows\SYSTEM32\USERENV.dll
[0805/132240.501:ERROR:process_memory_win.cc(73)] ReadMemory at 0x7ffb9c070000 of 64 bytes failed: ReadProcessMemory veya WriteProcessMemory isteðinin sadece bir parçasý tamamlandý. (0x12B)
[0805/132240.501:WARNING:pe_image_reader.cc(340)] could not read dos header from C:\Windows\SYSTEM32\USERENV.dll
[0805/132240.501:ERROR:process_memory_win.cc(73)] ReadMemory at 0x7ffb9c1f0000 of 64 bytes failed: ReadProcessMemory veya WriteProcessMemory isteðinin sadece bir parçasý tamamlandý. (0x12B)
[0805/132240.501:WARNING:pe_image_reader.cc(340)] could not read dos header from C:\Windows\System32\profapi.dll
[0805/132240.501:ERROR:process_memory_win.cc(73)] ReadMemory at 0x7ffb9c1f0000 of 64 bytes failed: ReadProcessMemory veya WriteProcessMemory isteðinin sadece bir parçasý tamamlandý. (0x12B)
[0805/132240.501:WARNING:pe_image_reader.cc(340)] could not read dos header from C:\Windows\System32\profapi.dll
[0805/132240.501:ERROR:process_memory_win.cc(73)] ReadMemory at 0x7ffb740f0000 of 64 bytes failed: ReadProcessMemory veya WriteProcessMemory isteðinin sadece bir parçasý tamamlandý. (0x12B)
[0805/132240.501:WARNING:pe_image_reader.cc(340)] could not read dos header from C:\Windows\SYSTEM32\UIAutomationCore.DLL
[0805/132240.501:ERROR:process_memory_win.cc(73)] ReadMemory at 0x7ffb740f0000 of 64 bytes failed: ReadProcessMemory veya WriteProcessMemory isteðinin sadece bir parçasý tamamlandý. (0x12B)
[0805/132240.502:WARNING:pe_image_reader.cc(340)] could not read dos header from C:\Windows\SYSTEM32\UIAutomationCore.DLL
[0805/132240.502:ERROR:process_memory_win.cc(73)] ReadMemory at 0x7ffb83f60000 of 64 bytes failed: ReadProcessMemory veya WriteProcessMemory isteðinin sadece bir parçasý tamamlandý. (0x12B)
[0805/132240.502:WARNING:pe_image_reader.cc(340)] could not read dos header from C:\Windows\SYSTEM32\DWrite.dll
[0805/132240.502:ERROR:process_memory_win.cc(73)] ReadMemory at 0x7ffb83f60000 of 64 bytes failed: ReadProcessMemory veya WriteProcessMemory isteðinin sadece bir parçasý tamamlandý. (0x12B)
[0805/132240.502:WARNING:pe_image_reader.cc(340)] could not read dos header from C:\Windows\SYSTEM32\DWrite.dll
[0805/132240.502:ERROR:process_memory_win.cc(73)] ReadMemory at 0x7ffb85cc0000 of 64 bytes failed: ReadProcessMemory veya WriteProcessMemory isteðinin sadece bir parçasý tamamlandý. (0x12B)
[0805/132240.502:WARNING:pe_image_reader.cc(340)] could not read dos header from C:\Windows\SYSTEM32\WINSPOOL.DRV
[0805/132240.502:ERROR:process_memory_win.cc(73)] ReadMemory at 0x7ffb85cc0000 of 64 bytes failed: ReadProcessMemory veya WriteProcessMemory isteðinin sadece bir parçasý tamamlandý. (0x12B)
[0805/132240.502:WARNING:pe_image_reader.cc(340)] could not read dos header from C:\Windows\SYSTEM32\WINSPOOL.DRV
[0805/132240.502:ERROR:process_memory_win.cc(73)] ReadMemory at 0x7ffb9c1d0000 of 64 bytes failed: ReadProcessMemory veya WriteProcessMemory isteðinin sadece bir parçasý tamamlandý. (0x12B)
[0805/132240.502:WARNING:pe_image_reader.cc(340)] could not read dos header from C:\Windows\System32\kernel.appcore.dll
[0805/132240.502:ERROR:process_memory_win.cc(73)] ReadMemory at 0x7ffb9c1d0000 of 64 bytes failed: ReadProcessMemory veya WriteProcessMemory isteðinin sadece bir parçasý tamamlandý. (0x12B)
[0805/132240.502:WARNING:pe_image_reader.cc(340)] could not read dos header from C:\Windows\System32\kernel.appcore.dll
[0805/132240.502:ERROR:process_memory_win.cc(73)] ReadMemory at 0x7ffb9c430000 of 64 bytes failed: ReadProcessMemory veya WriteProcessMemory isteðinin sadece bir parçasý tamamlandý. (0x12B)
[0805/132240.502:WARNING:pe_image_reader.cc(340)] could not read dos header from C:\Windows\System32\bcrypt.dll
[0805/132240.502:ERROR:process_memory_win.cc(73)] ReadMemory at 0x7ffb9c430000 of 64 bytes failed: ReadProcessMemory veya WriteProcessMemory isteðinin sadece bir parçasý tamamlandý. (0x12B)
[0805/132240.502:WARNING:pe_image_reader.cc(340)] could not read dos header from C:\Windows\System32\bcrypt.dll
[0805/132240.502:ERROR:process_memory_win.cc(73)] ReadMemory at 0x7ffb9bc70000 of 64 bytes failed: ReadProcessMemory veya WriteProcessMemory isteðinin sadece bir parçasý tamamlandý. (0x12B)
[0805/132240.502:WARNING:pe_image_reader.cc(340)] could not read dos header from C:\Windows\SYSTEM32\dbghelp.dll
[0805/132240.502:ERROR:process_memory_win.cc(73)] ReadMemory at 0x7ffb9bc70000 of 64 bytes failed: ReadProcessMemory veya WriteProcessMemory isteðinin sadece bir parçasý tamamlandý. (0x12B)
[0805/132240.502:WARNING:pe_image_reader.cc(340)] could not read dos header from C:\Windows\SYSTEM32\dbghelp.dll
[0805/132240.502:ERROR:process_memory_win.cc(73)] ReadMemory at 0x7ffb8f5e0000 of 64 bytes failed: ReadProcessMemory veya WriteProcessMemory isteðinin sadece bir parçasý tamamlandý. (0x12B)
[0805/132240.502:WARNING:pe_image_reader.cc(340)] could not read dos header from C:\Windows\SYSTEM32\WINHTTP.dll
[0805/132240.502:ERROR:process_memory_win.cc(73)] ReadMemory at 0x7ffb8f5e0000 of 64 bytes failed: ReadProcessMemory veya WriteProcessMemory isteðinin sadece bir parçasý tamamlandý. (0x12B)
[0805/132240.502:WARNING:pe_image_reader.cc(340)] could not read dos header from C:\Windows\SYSTEM32\WINHTTP.dll
[0805/132240.502:ERROR:process_memory_win.cc(73)] ReadMemory at 0x7ffb95540000 of 64 bytes failed: ReadProcessMemory veya WriteProcessMemory isteðinin sadece bir parçasý tamamlandý. (0x12B)
[0805/132240.502:WARNING:pe_image_reader.cc(340)] could not read dos header from C:\Windows\SYSTEM32\dhcpcsvc.DLL
[0805/132240.502:ERROR:process_memory_win.cc(73)] ReadMemory at 0x7ffb95540000 of 64 bytes failed: ReadProcessMemory veya WriteProcessMemory isteðinin sadece bir parçasý tamamlandý. (0x12B)
[0805/132240.502:WARNING:pe_image_reader.cc(340)] could not read dos header from C:\Windows\SYSTEM32\dhcpcsvc.DLL
[0805/132240.502:ERROR:process_memory_win.cc(73)] ReadMemory at 0x7ffb9f250000 of 64 bytes failed: ReadProcessMemory veya WriteProcessMemory isteðinin sadece bir parçasý tamamlandý. (0x12B)
[0805/132240.502:WARNING:pe_image_reader.cc(340)] could not read dos header from C:\Windows\System32\NSI.dll
[0805/132240.502:ERROR:process_memory_win.cc(73)] ReadMemory at 0x7ffb9f250000 of 64 bytes failed: ReadProcessMemory veya WriteProcessMemory isteðinin sadece bir parçasý tamamlandý. (0x12B)
[0805/132240.502:WARNING:pe_image_reader.cc(340)] could not read dos header from C:\Windows\System32\NSI.dll
[0805/132240.502:ERROR:process_memory_win.cc(73)] ReadMemory at 0x7ffb99c00000 of 64 bytes failed: ReadProcessMemory veya WriteProcessMemory isteðinin sadece bir parçasý tamamlandý. (0x12B)
[0805/132240.502:WARNING:pe_image_reader.cc(340)] could not read dos header from C:\Windows\SYSTEM32\WINMMBASE.dll
[0805/132240.502:ERROR:process_memory_win.cc(73)] ReadMemory at 0x7ffb99c00000 of 64 bytes failed: ReadProcessMemory veya WriteProcessMemory isteðinin sadece bir parçasý tamamlandý. (0x12B)
[0805/132240.502:WARNING:pe_image_reader.cc(340)] could not read dos header from C:\Windows\SYSTEM32\WINMMBASE.dll
[0805/132240.502:ERROR:process_memory_win.cc(73)] ReadMemory at 0x7ffb9d230000 of 64 bytes failed: ReadProcessMemory veya WriteProcessMemory isteðinin sadece bir parçasý tamamlandý. (0x12B)
[0805/132240.502:WARNING:pe_image_reader.cc(340)] could not read dos header from C:\Windows\System32\cfgmgr32.dll
[0805/132240.503:ERROR:process_memory_win.cc(73)] ReadMemory at 0x7ffb9d230000 of 64 bytes failed: ReadProcessMemory veya WriteProcessMemory isteðinin sadece bir parçasý tamamlandý. (0x12B)
[0805/132240.503:WARNING:pe_image_reader.cc(340)] could not read dos header from C:\Windows\System32\cfgmgr32.dll
[0805/132240.503:ERROR:process_memory_win.cc(73)] ReadMemory at 0x7ffb98570000 of 64 bytes failed: ReadProcessMemory veya WriteProcessMemory isteðinin sadece bir parçasý tamamlandý. (0x12B)
[0805/132240.503:WARNING:pe_image_reader.cc(340)] could not read dos header from C:\Windows\SYSTEM32\PROPSYS.dll
[0805/132240.503:ERROR:process_memory_win.cc(73)] ReadMemory at 0x7ffb98570000 of 64 bytes failed: ReadProcessMemory veya WriteProcessMemory isteðinin sadece bir parçasý tamamlandý. (0x12B)
[0805/132240.503:WARNING:pe_image_reader.cc(340)] could not read dos header from C:\Windows\SYSTEM32\PROPSYS.dll
[0805/132240.503:ERROR:process_memory_win.cc(73)] ReadMemory at 0x7ffb9e060000 of 64 bytes failed: ReadProcessMemory veya WriteProcessMemory isteðinin sadece bir parçasý tamamlandý. (0x12B)
[0805/132240.503:WARNING:pe_image_reader.cc(340)] could not read dos header from C:\Windows\System32\shcore.dll
[0805/132240.503:ERROR:process_memory_win.cc(73)] ReadMemory at 0x7ffb9e060000 of 64 bytes failed: ReadProcessMemory veya WriteProcessMemory isteðinin sadece bir parçasý tamamlandý. (0x12B)
[0805/132240.503:WARNING:pe_image_reader.cc(340)] could not read dos header from C:\Windows\System32\shcore.dll
[0805/132240.503:ERROR:process_memory_win.cc(73)] ReadMemory at 0x7ffb9c040000 of 64 bytes failed: ReadProcessMemory veya WriteProcessMemory isteðinin sadece bir parçasý tamamlandý. (0x12B)
[0805/132240.503:WARNING:pe_image_reader.cc(340)] could not read dos header from C:\Windows\SYSTEM32\SSPICLI.DLL
[0805/132240.503:ERROR:process_memory_win.cc(73)] ReadMemory at 0x7ffb9c040000 of 64 bytes failed: ReadProcessMemory veya WriteProcessMemory isteðinin sadece bir parçasý tamamlandý. (0x12B)
[0805/132240.503:WARNING:pe_image_reader.cc(340)] could not read dos header from C:\Windows\SYSTEM32\SSPICLI.DLL
[0805/132240.503:ERROR:process_memory_win.cc(73)] ReadMemory at 0x7ffb9b4b0000 of 64 bytes failed: ReadProcessMemory veya WriteProcessMemory isteðinin sadece bir parçasý tamamlandý. (0x12B)
[0805/132240.503:WARNING:pe_image_reader.cc(340)] could not read dos header from C:\Windows\SYSTEM32\CRYPTBASE.DLL
[0805/132240.503:ERROR:process_memory_win.cc(73)] ReadMemory at 0x7ffb9b4b0000 of 64 bytes failed: ReadProcessMemory veya WriteProcessMemory isteðinin sadece bir parçasý tamamlandý. (0x12B)
[0805/132240.503:WARNING:pe_image_reader.cc(340)] could not read dos header from C:\Windows\SYSTEM32\CRYPTBASE.DLL
[0805/132240.544:ERROR:process_memory_win.cc(73)] ReadMemory at 0x7ff7eead0000 of 64 bytes failed: ReadProcessMemory veya WriteProcessMemory isteðinin sadece bir parçasý tamamlandý. (0x12B)
[0805/132240.544:WARNING:pe_image_reader.cc(340)] could not read dos header from C:\Program Files (x86)\Google\Chrome\Application\chrome.exe
[0805/132240.544:ERROR:process_memory_win.cc(73)] ReadMemory at 0x7ffb9f2a0000 of 64 bytes failed: ReadProcessMemory veya WriteProcessMemory isteðinin sadece bir parçasý tamamlandý. (0x12B)
[0805/132240.544:WARNING:pe_image_reader.cc(340)] could not read dos header from C:\Windows\SYSTEM32\ntdll.dll
[0805/132240.544:ERROR:process_memory_win.cc(73)] ReadMemory at 0x7ffb9ef60000 of 64 bytes failed: ReadProcessMemory veya WriteProcessMemory isteðinin sadece bir parçasý tamamlandý. (0x12B)
[0805/132240.544:WARNING:pe_image_reader.cc(340)] could not read dos header from C:\Windows\System32\KERNEL32.DLL
[0805/132240.544:ERROR:process_memory_win.cc(73)] ReadMemory at 0x7ffb9cee0000 of 64 bytes failed: ReadProcessMemory veya WriteProcessMemory isteðinin sadece bir parçasý tamamlandý. (0x12B)
[0805/132240.544:WARNING:pe_image_reader.cc(340)] could not read dos header from C:\Windows\System32\KERNELBASE.dll
[0805/132240.544:ERROR:process_memory_win.cc(73)] ReadMemory at 0x7ffb57120000 of 64 bytes failed: ReadProcessMemory veya WriteProcessMemory isteðinin sadece bir parçasý tamamlandý. (0x12B)
[0805/132240.544:WARNING:pe_image_reader.cc(340)] could not read dos header from C:\Program Files (x86)\Google\Chrome\Application\84.0.4147.105\chrome_elf.dll
[0805/132240.544:ERROR:process_memory_win.cc(73)] ReadMemory at 0x7ffb93790000 of 64 bytes failed: ReadProcessMemory veya WriteProcessMemory isteðinin sadece bir parçasý tamamlandý. (0x12B)
[0805/132240.544:WARNING:pe_image_reader.cc(340)] could not read dos header from C:\Windows\SYSTEM32\VERSION.dll
[0805/132240.544:ERROR:process_memory_win.cc(73)] ReadMemory at 0x7ffb9f140000 of 64 bytes failed: ReadProcessMemory veya WriteProcessMemory isteðinin sadece bir parçasý tamamlandý. (0x12B)
[0805/132240.544:WARNING:pe_image_reader.cc(340)] could not read dos header from C:\Windows\System32\msvcrt.dll
[0805/132240.544:ERROR:process_memory_win.cc(73)] ReadMemory at 0x7ffb9d190000 of 64 bytes failed: ReadProcessMemory veya WriteProcessMemory isteðinin sadece bir parçasý tamamlandý. (0x12B)
[0805/132240.544:WARNING:pe_image_reader.cc(340)] could not read dos header from C:\Windows\System32\bcryptPrimitives.dll
[0805/132240.544:ERROR:process_memory_win.cc(73)] ReadMemory at 0x7ffb9d350000 of 64 bytes failed: ReadProcessMemory veya WriteProcessMemory isteðinin sadece bir parçasý tamamlandý. (0x12B)
[0805/132240.544:WARNING:pe_image_reader.cc(340)] could not read dos header from C:\Windows\System32\ADVAPI32.dll
[0805/132240.544:ERROR:process_memory_win.cc(73)] ReadMemory at 0x7ffb9e910000 of 64 bytes failed: ReadProcessMemory veya WriteProcessMemory isteðinin sadece bir parçasý tamamlandý. (0x12B)
[0805/132240.544:WARNING:pe_image_reader.cc(340)] could not read dos header from C:\Windows\System32\sechost.dll
[0805/132240.544:ERROR:process_memory_win.cc(73)] ReadMemory at 0x13452150000 of 64 bytes failed: ReadProcessMemory veya WriteProcessMemory isteðinin sadece bir parçasý tamamlandý. (0x12B)
[0805/132240.544:WARNING:pe_image_reader.cc(340)] could not read dos header from C:\Windows\System32\RPCRT4.dll
[0805/132240.544:ERROR:process_memory_win.cc(73)] ReadMemory at 0x7ffb28c30000 of 64 bytes failed: ReadProcessMemory veya WriteProcessMemory isteðinin sadece bir parçasý tamamlandý. (0x12B)
[0805/132240.544:WARNING:pe_image_reader.cc(340)] could not read dos header from C:\Program Files (x86)\Google\Chrome\Application\84.0.4147.105\chrome.dll
[0805/132240.544:ERROR:process_memory_win.cc(73)] ReadMemory at 0x7ffb9e870000 of 64 bytes failed: ReadProcessMemory veya WriteProcessMemory isteðinin sadece bir parçasý tamamlandý. (0x12B)
[0805/132240.544:WARNING:pe_image_reader.cc(340)] could not read dos header from C:\Windows\System32\WS2_32.dll
[0805/132240.544:ERROR:process_memory_win.cc(73)] ReadMemory at 0x7ffb9dda0000 of 64 bytes failed: ReadProcessMemory veya WriteProcessMemory isteðinin sadece bir parçasý tamamlandý. (0x12B)
[0805/132240.544:WARNING:pe_image_reader.cc(340)] could not read dos header from C:\Windows\System32\OLEAUT32.dll
[0805/132240.544:ERROR:process_memory_win.cc(73)] ReadMemory at 0x7ffb9d2b0000 of 64 bytes failed: ReadProcessMemory veya WriteProcessMemory isteðinin sadece bir parçasý tamamlandý. (0x12B)
[0805/132240.544:WARNING:pe_image_reader.cc(340)] could not read dos header from C:\Windows\System32\msvcp_win.dll
[0805/132240.544:ERROR:process_memory_win.cc(73)] ReadMemory at 0x7ffb9c280000 of 64 bytes failed: ReadProcessMemory veya WriteProcessMemory isteðinin sadece bir parçasý tamamlandý. (0x12B)
[0805/132240.544:WARNING:pe_image_reader.cc(340)] could not read dos header from C:\Windows\System32\ucrtbase.dll
[0805/132240.544:ERROR:process_memory_win.cc(73)] ReadMemory at 0x7ffb9e9b0000 of 64 bytes failed: ReadProcessMemory veya WriteProcessMemory isteðinin sadece bir parçasý tamamlandý. (0x12B)
[0805/132240.544:WARNING:pe_image_reader.cc(340)] could not read dos header from C:\Windows\System32\combase.dll
[0805/132240.544:ERROR:process_memory_win.cc(73)] ReadMemory at 0x7ffb9c220000 of 64 bytes failed: ReadProcessMemory veya WriteProcessMemory isteðinin sadece bir parçasý tamamlandý. (0x12B)
[0805/132240.544:WARNING:pe_image_reader.cc(340)] could not read dos header from C:\Windows\System32\WINTRUST.dll
[0805/132240.544:ERROR:process_memory_win.cc(73)] ReadMemory at 0x7ffb9c1b0000 of 64 bytes failed: ReadProcessMemory veya WriteProcessMemory isteðinin sadece bir parçasý tamamlandý. (0x12B)
[0805/132240.544:WARNING:pe_image_reader.cc(340)] could not read dos header from C:\Windows\System32\MSASN1.dll
[0805/132240.544:ERROR:process_memory_win.cc(73)] ReadMemory at 0x7ffb9cd90000 of 64 bytes failed: ReadProcessMemory veya WriteProcessMemory isteðinin sadece bir parçasý tamamlandý. (0x12B)
[0805/132240.544:WARNING:pe_image_reader.cc(340)] could not read dos header from C:\Windows\System32\CRYPT32.dll
[0805/132240.544:ERROR:process_memory_win.cc(73)] ReadMemory at 0x7ffb9aff0000 of 64 bytes failed: ReadProcessMemory veya WriteProcessMemory isteðinin sadece bir parçasý tamamlandý. (0x12B)
[0805/132240.544:WARNING:pe_image_reader.cc(340)] could not read dos header from C:\Windows\SYSTEM32\IPHLPAPI.DLL
[0805/132240.544:ERROR:process_memory_win.cc(73)] ReadMemory at 0x7ffb99d60000 of 64 bytes failed: ReadProcessMemory veya WriteProcessMemory isteðinin sadece bir parçasý tamamlandý. (0x12B)
[0805/132240.544:WARNING:pe_image_reader.cc(340)] could not read dos header from C:\Windows\SYSTEM32\WINMM.dll
[0805/132240.544:ERROR:process_memory_win.cc(73)] ReadMemory at 0x7ffb861a0000 of 64 bytes failed: ReadProcessMemory veya WriteProcessMemory isteðinin sadece bir parçasý tamamlandý. (0x12B)
[0805/132240.544:WARNING:pe_image_reader.cc(340)] could not read dos header from C:\Windows\SYSTEM32\Secur32.dll
[0805/132240.544:ERROR:process_memory_win.cc(73)] ReadMemory at 0x7ffb9c070000 of 64 bytes failed: ReadProcessMemory veya WriteProcessMemory isteðinin sadece bir parçasý tamamlandý. (0x12B)
[0805/132240.544:WARNING:pe_image_reader.cc(340)] could not read dos header from C:\Windows\SYSTEM32\USERENV.dll
[0805/132240.544:ERROR:process_memory_win.cc(73)] ReadMemory at 0x7ffb9c1f0000 of 64 bytes failed: ReadProcessMemory veya WriteProcessMemory isteðinin sadece bir parçasý tamamlandý. (0x12B)
[0805/132240.544:WARNING:pe_image_reader.cc(340)] could not read dos header from C:\Windows\System32\profapi.dll
[0805/132240.544:ERROR:process_memory_win.cc(73)] ReadMemory at 0x7ffb740f0000 of 64 bytes failed: ReadProcessMemory veya WriteProcessMemory isteðinin sadece bir parçasý tamamlandý. (0x12B)
[0805/132240.544:WARNING:pe_image_reader.cc(340)] could not read dos header from C:\Windows\SYSTEM32\UIAutomationCore.DLL
[0805/132240.544:ERROR:process_memory_win.cc(73)] ReadMemory at 0x7ffb83f60000 of 64 bytes failed: ReadProcessMemory veya WriteProcessMemory isteðinin sadece bir parçasý tamamlandý. (0x12B)
[0805/132240.544:WARNING:pe_image_reader.cc(340)] could not read dos header from C:\Windows\SYSTEM32\DWrite.dll
[0805/132240.545:ERROR:process_memory_win.cc(73)] ReadMemory at 0x7ffb85cc0000 of 64 bytes failed: ReadProcessMemory veya WriteProcessMemory isteðinin sadece bir parçasý tamamlandý. (0x12B)
[0805/132240.545:WARNING:pe_image_reader.cc(340)] could not read dos header from C:\Windows\SYSTEM32\WINSPOOL.DRV
[0805/132240.545:ERROR:process_memory_win.cc(73)] ReadMemory at 0x7ffb9c1d0000 of 64 bytes failed: ReadProcessMemory veya WriteProcessMemory isteðinin sadece bir parçasý tamamlandý. (0x12B)
[0805/132240.545:WARNING:pe_image_reader.cc(340)] could not read dos header from C:\Windows\System32\kernel.appcore.dll
[0805/132240.545:ERROR:process_memory_win.cc(73)] ReadMemory at 0x7ffb9c430000 of 64 bytes failed: ReadProcessMemory veya WriteProcessMemory isteðinin sadece bir parçasý tamamlandý. (0x12B)
[0805/132240.545:WARNING:pe_image_reader.cc(340)] could not read dos header from C:\Windows\System32\bcrypt.dll
[0805/132240.545:ERROR:process_memory_win.cc(73)] ReadMemory at 0x7ffb9bc70000 of 64 bytes failed: ReadProcessMemory veya WriteProcessMemory isteðinin sadece bir parçasý tamamlandý. (0x12B)
[0805/132240.545:WARNING:pe_image_reader.cc(340)] could not read dos header from C:\Windows\SYSTEM32\dbghelp.dll
[0805/132240.545:ERROR:process_memory_win.cc(73)] ReadMemory at 0x7ffb8f5e0000 of 64 bytes failed: ReadProcessMemory veya WriteProcessMemory isteðinin sadece bir parçasý tamamlandý. (0x12B)
[0805/132240.545:WARNING:pe_image_reader.cc(340)] could not read dos header from C:\Windows\SYSTEM32\WINHTTP.dll
[0805/132240.545:ERROR:process_memory_win.cc(73)] ReadMemory at 0x7ffb95540000 of 64 bytes failed: ReadProcessMemory veya WriteProcessMemory isteðinin sadece bir parçasý tamamlandý. (0x12B)
[0805/132240.545:WARNING:pe_image_reader.cc(340)] could not read dos header from C:\Windows\SYSTEM32\dhcpcsvc.DLL
[0805/132240.545:ERROR:process_memory_win.cc(73)] ReadMemory at 0x7ffb9f250000 of 64 bytes failed: ReadProcessMemory veya WriteProcessMemory isteðinin sadece bir parçasý tamamlandý. (0x12B)
[0805/132240.545:WARNING:pe_image_reader.cc(340)] could not read dos header from C:\Windows\System32\NSI.dll
[0805/132240.545:ERROR:process_memory_win.cc(73)] ReadMemory at 0x7ffb99c00000 of 64 bytes failed: ReadProcessMemory veya WriteProcessMemory isteðinin sadece bir parçasý tamamlandý. (0x12B)
[0805/132240.545:WARNING:pe_image_reader.cc(340)] could not read dos header from C:\Windows\SYSTEM32\WINMMBASE.dll
[0805/132240.545:ERROR:process_memory_win.cc(73)] ReadMemory at 0x7ffb9d230000 of 64 bytes failed: ReadProcessMemory veya WriteProcessMemory isteðinin sadece bir parçasý tamamlandý. (0x12B)
[0805/132240.545:WARNING:pe_image_reader.cc(340)] could not read dos header from C:\Windows\System32\cfgmgr32.dll
[0805/132240.545:ERROR:process_memory_win.cc(73)] ReadMemory at 0x7ffb98570000 of 64 bytes failed: ReadProcessMemory veya WriteProcessMemory isteðinin sadece bir parçasý tamamlandý. (0x12B)
[0805/132240.545:WARNING:pe_image_reader.cc(340)] could not read dos header from C:\Windows\SYSTEM32\PROPSYS.dll
[0805/132240.545:ERROR:process_memory_win.cc(73)] ReadMemory at 0x7ffb9e060000 of 64 bytes failed: ReadProcessMemory veya WriteProcessMemory isteðinin sadece bir parçasý tamamlandý. (0x12B)
[0805/132240.545:WARNING:pe_image_reader.cc(340)] could not read dos header from C:\Windows\System32\shcore.dll
[0805/132240.545:ERROR:process_memory_win.cc(73)] ReadMemory at 0x7ffb9c040000 of 64 bytes failed: ReadProcessMemory veya WriteProcessMemory isteðinin sadece bir parçasý tamamlandý. (0x12B)
[0805/132240.545:WARNING:pe_image_reader.cc(340)] could not read dos header from C:\Windows\SYSTEM32\SSPICLI.DLL
[0805/132240.545:ERROR:process_memory_win.cc(73)] ReadMemory at 0x7ffb9b4b0000 of 64 bytes failed: ReadProcessMemory veya WriteProcessMemory isteðinin sadece bir parçasý tamamlandý. (0x12B)
[0805/132240.545:WARNING:pe_image_reader.cc(340)] could not read dos header from C:\Windows\SYSTEM32\CRYPTBASE.DLL
[0805/132240.548:ERROR:process_memory_win.cc(73)] ReadMemory at 0x7ff7eead0000 of 64 bytes failed: ReadProcessMemory veya WriteProcessMemory isteðinin sadece bir parçasý tamamlandý. (0x12B)
[0805/132240.548:WARNING:pe_image_reader.cc(340)] could not read dos header from C:\Program Files (x86)\Google\Chrome\Application\chrome.exe
[0805/132240.548:ERROR:process_memory_win.cc(73)] ReadMemory at 0x7ffb9f2a0000 of 64 bytes failed: ReadProcessMemory veya WriteProcessMemory isteðinin sadece bir parçasý tamamlandý. (0x12B)
[0805/132240.548:WARNING:pe_image_reader.cc(340)] could not read dos header from C:\Windows\SYSTEM32\ntdll.dll
[0805/132240.548:ERROR:process_memory_win.cc(73)] ReadMemory at 0x7ffb9ef60000 of 64 bytes failed: ReadProcessMemory veya WriteProcessMemory isteðinin sadece bir parçasý tamamlandý. (0x12B)
[0805/132240.548:WARNING:pe_image_reader.cc(340)] could not read dos header from C:\Windows\System32\KERNEL32.DLL
[0805/132240.548:ERROR:process_memory_win.cc(73)] ReadMemory at 0x7ffb9cee0000 of 64 bytes failed: ReadProcessMemory veya WriteProcessMemory isteðinin sadece bir parçasý tamamlandý. (0x12B)
[0805/132240.548:WARNING:pe_image_reader.cc(340)] could not read dos header from C:\Windows\System32\KERNELBASE.dll
[0805/132240.548:ERROR:process_memory_win.cc(73)] ReadMemory at 0x7ffb57120000 of 64 bytes failed: ReadProcessMemory veya WriteProcessMemory isteðinin sadece bir parçasý tamamlandý. (0x12B)
[0805/132240.548:WARNING:pe_image_reader.cc(340)] could not read dos header from C:\Program Files (x86)\Google\Chrome\Application\84.0.4147.105\chrome_elf.dll
[0805/132240.548:ERROR:process_memory_win.cc(73)] ReadMemory at 0x7ffb93790000 of 64 bytes failed: ReadProcessMemory veya WriteProcessMemory isteðinin sadece bir parçasý tamamlandý. (0x12B)
[0805/132240.548:WARNING:pe_image_reader.cc(340)] could not read dos header from C:\Windows\SYSTEM32\VERSION.dll
[0805/132240.548:ERROR:process_memory_win.cc(73)] ReadMemory at 0x7ffb9f140000 of 64 bytes failed: ReadProcessMemory veya WriteProcessMemory isteðinin sadece bir parçasý tamamlandý. (0x12B)
[0805/132240.548:WARNING:pe_image_reader.cc(340)] could not read dos header from C:\Windows\System32\msvcrt.dll
[0805/132240.548:ERROR:process_memory_win.cc(73)] ReadMemory at 0x7ffb9d190000 of 64 bytes failed: ReadProcessMemory veya WriteProcessMemory isteðinin sadece bir parçasý tamamlandý. (0x12B)
[0805/132240.548:WARNING:pe_image_reader.cc(340)] could not read dos header from C:\Windows\System32\bcryptPrimitives.dll
[0805/132240.548:ERROR:process_memory_win.cc(73)] ReadMemory at 0x7ffb9d350000 of 64 bytes failed: ReadProcessMemory veya WriteProcessMemory isteðinin sadece bir parçasý tamamlandý. (0x12B)
[0805/132240.548:WARNING:pe_image_reader.cc(340)] could not read dos header from C:\Windows\System32\ADVAPI32.dll
[0805/132240.548:ERROR:process_memory_win.cc(73)] ReadMemory at 0x7ffb9e910000 of 64 bytes failed: ReadProcessMemory veya WriteProcessMemory isteðinin sadece bir parçasý tamamlandý. (0x12B)
[0805/132240.548:WARNING:pe_image_reader.cc(340)] could not read dos header from C:\Windows\System32\sechost.dll
[0805/132240.548:ERROR:process_memory_win.cc(73)] ReadMemory at 0x13452150000 of 64 bytes failed: ReadProcessMemory veya WriteProcessMemory isteðinin sadece bir parçasý tamamlandý. (0x12B)
[0805/132240.548:WARNING:pe_image_reader.cc(340)] could not read dos header from C:\Windows\System32\RPCRT4.dll
[0805/132240.548:ERROR:process_memory_win.cc(73)] ReadMemory at 0x7ffb28c30000 of 64 bytes failed: ReadProcessMemory veya WriteProcessMemory isteðinin sadece bir parçasý tamamlandý. (0x12B)
[0805/132240.548:WARNING:pe_image_reader.cc(340)] could not read dos header from C:\Program Files (x86)\Google\Chrome\Application\84.0.4147.105\chrome.dll
[0805/132240.548:ERROR:process_memory_win.cc(73)] ReadMemory at 0x7ffb9e870000 of 64 bytes failed: ReadProcessMemory veya WriteProcessMemory isteðinin sadece bir parçasý tamamlandý. (0x12B)
[0805/132240.548:WARNING:pe_image_reader.cc(340)] could not read dos header from C:\Windows\System32\WS2_32.dll
[0805/132240.548:ERROR:process_memory_win.cc(73)] ReadMemory at 0x7ffb9dda0000 of 64 bytes failed: ReadProcessMemory veya WriteProcessMemory isteðinin sadece bir parçasý tamamlandý. (0x12B)
[0805/132240.548:WARNING:pe_image_reader.cc(340)] could not read dos header from C:\Windows\System32\OLEAUT32.dll
[0805/132240.548:ERROR:process_memory_win.cc(73)] ReadMemory at 0x7ffb9d2b0000 of 64 bytes failed: ReadProcessMemory veya WriteProcessMemory isteðinin sadece bir parçasý tamamlandý. (0x12B)
[0805/132240.548:WARNING:pe_image_reader.cc(340)] could not read dos header from C:\Windows\System32\msvcp_win.dll
[0805/132240.548:ERROR:process_memory_win.cc(73)] ReadMemory at 0x7ffb9c280000 of 64 bytes failed: ReadProcessMemory veya WriteProcessMemory isteðinin sadece bir parçasý tamamlandý. (0x12B)
[0805/132240.548:WARNING:pe_image_reader.cc(340)] could not read dos header from C:\Windows\System32\ucrtbase.dll
[0805/132240.548:ERROR:process_memory_win.cc(73)] ReadMemory at 0x7ffb9e9b0000 of 64 bytes failed: ReadProcessMemory veya WriteProcessMemory isteðinin sadece bir parçasý tamamlandý. (0x12B)
[0805/132240.548:WARNING:pe_image_reader.cc(340)] could not read dos header from C:\Windows\System32\combase.dll
[0805/132240.548:ERROR:process_memory_win.cc(73)] ReadMemory at 0x7ffb9c220000 of 64 bytes failed: ReadProcessMemory veya WriteProcessMemory isteðinin sadece bir parçasý tamamlandý. (0x12B)
[0805/132240.548:WARNING:pe_image_reader.cc(340)] could not read dos header from C:\Windows\System32\WINTRUST.dll
[0805/132240.548:ERROR:process_memory_win.cc(73)] ReadMemory at 0x7ffb9c1b0000 of 64 bytes failed: ReadProcessMemory veya WriteProcessMemory isteðinin sadece bir parçasý tamamlandý. (0x12B)
[0805/132240.548:WARNING:pe_image_reader.cc(340)] could not read dos header from C:\Windows\System32\MSASN1.dll
[0805/132240.548:ERROR:process_memory_win.cc(73)] ReadMemory at 0x7ffb9cd90000 of 64 bytes failed: ReadProcessMemory veya WriteProcessMemory isteðinin sadece bir parçasý tamamlandý. (0x12B)
[0805/132240.548:WARNING:pe_image_reader.cc(340)] could not read dos header from C:\Windows\System32\CRYPT32.dll
[0805/132240.548:ERROR:process_memory_win.cc(73)] ReadMemory at 0x7ffb9aff0000 of 64 bytes failed: ReadProcessMemory veya WriteProcessMemory isteðinin sadece bir parçasý tamamlandý. (0x12B)
[0805/132240.548:WARNING:pe_image_reader.cc(340)] could not read dos header from C:\Windows\SYSTEM32\IPHLPAPI.DLL
[0805/132240.548:ERROR:process_memory_win.cc(73)] ReadMemory at 0x7ffb99d60000 of 64 bytes failed: ReadProcessMemory veya WriteProcessMemory isteðinin sadece bir parçasý tamamlandý. (0x12B)
[0805/132240.548:WARNING:pe_image_reader.cc(340)] could not read dos header from C:\Windows\SYSTEM32\WINMM.dll
[0805/132240.549:ERROR:process_memory_win.cc(73)] ReadMemory at 0x7ffb861a0000 of 64 bytes failed: ReadProcessMemory veya WriteProcessMemory isteðinin sadece bir parçasý tamamlandý. (0x12B)
[0805/132240.549:WARNING:pe_image_reader.cc(340)] could not read dos header from C:\Windows\SYSTEM32\Secur32.dll
[0805/132240.549:ERROR:process_memory_win.cc(73)] ReadMemory at 0x7ffb9c070000 of 64 bytes failed: ReadProcessMemory veya WriteProcessMemory isteðinin sadece bir parçasý tamamlandý. (0x12B)
[0805/132240.549:WARNING:pe_image_reader.cc(340)] could not read dos header from C:\Windows\SYSTEM32\USERENV.dll
[0805/132240.549:ERROR:process_memory_win.cc(73)] ReadMemory at 0x7ffb9c1f0000 of 64 bytes failed: ReadProcessMemory veya WriteProcessMemory isteðinin sadece bir parçasý tamamlandý. (0x12B)
[0805/132240.549:WARNING:pe_image_reader.cc(340)] could not read dos header from C:\Windows\System32\profapi.dll
[0805/132240.549:ERROR:process_memory_win.cc(73)] ReadMemory at 0x7ffb740f0000 of 64 bytes failed: ReadProcessMemory veya WriteProcessMemory isteðinin sadece bir parçasý tamamlandý. (0x12B)
[0805/132240.549:WARNING:pe_image_reader.cc(340)] could not read dos header from C:\Windows\SYSTEM32\UIAutomationCore.DLL
[0805/132240.549:ERROR:process_memory_win.cc(73)] ReadMemory at 0x7ffb83f60000 of 64 bytes failed: ReadProcessMemory veya WriteProcessMemory isteðinin sadece bir parçasý tamamlandý. (0x12B)
[0805/132240.549:WARNING:pe_image_reader.cc(340)] could not read dos header from C:\Windows\SYSTEM32\DWrite.dll
[0805/132240.549:ERROR:process_memory_win.cc(73)] ReadMemory at 0x7ffb85cc0000 of 64 bytes failed: ReadProcessMemory veya WriteProcessMemory isteðinin sadece bir parçasý tamamlandý. (0x12B)
[0805/132240.549:WARNING:pe_image_reader.cc(340)] could not read dos header from C:\Windows\SYSTEM32\WINSPOOL.DRV
[0805/132240.549:ERROR:process_memory_win.cc(73)] ReadMemory at 0x7ffb9c1d0000 of 64 bytes failed: ReadProcessMemory veya WriteProcessMemory isteðinin sadece bir parçasý tamamlandý. (0x12B)
[0805/132240.549:WARNING:pe_image_reader.cc(340)] could not read dos header from C:\Windows\System32\kernel.appcore.dll
[0805/132240.549:ERROR:process_memory_win.cc(73)] ReadMemory at 0x7ffb9c430000 of 64 bytes failed: ReadProcessMemory veya WriteProcessMemory isteðinin sadece bir parçasý tamamlandý. (0x12B)
[0805/132240.549:WARNING:pe_image_reader.cc(340)] could not read dos header from C:\Windows\System32\bcrypt.dll
[0805/132240.549:ERROR:process_memory_win.cc(73)] ReadMemory at 0x7ffb9bc70000 of 64 bytes failed: ReadProcessMemory veya WriteProcessMemory isteðinin sadece bir parçasý tamamlandý. (0x12B)
[0805/132240.549:WARNING:pe_image_reader.cc(340)] could not read dos header from C:\Windows\SYSTEM32\dbghelp.dll
[0805/132240.549:ERROR:process_memory_win.cc(73)] ReadMemory at 0x7ffb8f5e0000 of 64 bytes failed: ReadProcessMemory veya WriteProcessMemory isteðinin sadece bir parçasý tamamlandý. (0x12B)
[0805/132240.549:WARNING:pe_image_reader.cc(340)] could not read dos header from C:\Windows\SYSTEM32\WINHTTP.dll
[0805/132240.549:ERROR:process_memory_win.cc(73)] ReadMemory at 0x7ffb95540000 of 64 bytes failed: ReadProcessMemory veya WriteProcessMemory isteðinin sadece bir parçasý tamamlandý. (0x12B)
[0805/132240.549:WARNING:pe_image_reader.cc(340)] could not read dos header from C:\Windows\SYSTEM32\dhcpcsvc.DLL
[0805/132240.549:ERROR:process_memory_win.cc(73)] ReadMemory at 0x7ffb9f250000 of 64 bytes failed: ReadProcessMemory veya WriteProcessMemory isteðinin sadece bir parçasý tamamlandý. (0x12B)
[0805/132240.549:WARNING:pe_image_reader.cc(340)] could not read dos header from C:\Windows\System32\NSI.dll
[0805/132240.549:ERROR:process_memory_win.cc(73)] ReadMemory at 0x7ffb99c00000 of 64 bytes failed: ReadProcessMemory veya WriteProcessMemory isteðinin sadece bir parçasý tamamlandý. (0x12B)
[0805/132240.549:WARNING:pe_image_reader.cc(340)] could not read dos header from C:\Windows\SYSTEM32\WINMMBASE.dll
[0805/132240.549:ERROR:process_memory_win.cc(73)] ReadMemory at 0x7ffb9d230000 of 64 bytes failed: ReadProcessMemory veya WriteProcessMemory isteðinin sadece bir parçasý tamamlandý. (0x12B)
[0805/132240.549:WARNING:pe_image_reader.cc(340)] could not read dos header from C:\Windows\System32\cfgmgr32.dll
[0805/132240.549:ERROR:process_memory_win.cc(73)] ReadMemory at 0x7ffb98570000 of 64 bytes failed: ReadProcessMemory veya WriteProcessMemory isteðinin sadece bir parçasý tamamlandý. (0x12B)
[0805/132240.549:WARNING:pe_image_reader.cc(340)] could not read dos header from C:\Windows\SYSTEM32\PROPSYS.dll
[0805/132240.549:ERROR:process_memory_win.cc(73)] ReadMemory at 0x7ffb9e060000 of 64 bytes failed: ReadProcessMemory veya WriteProcessMemory isteðinin sadece bir parçasý tamamlandý. (0x12B)
[0805/132240.549:WARNING:pe_image_reader.cc(340)] could not read dos header from C:\Windows\System32\shcore.dll
[0805/132240.549:ERROR:process_memory_win.cc(73)] ReadMemory at 0x7ffb9c040000 of 64 bytes failed: ReadProcessMemory veya WriteProcessMemory isteðinin sadece bir parçasý tamamlandý. (0x12B)
[0805/132240.549:WARNING:pe_image_reader.cc(340)] could not read dos header from C:\Windows\SYSTEM32\SSPICLI.DLL
[0805/132240.549:ERROR:process_memory_win.cc(73)] ReadMemory at 0x7ffb9b4b0000 of 64 bytes failed: ReadProcessMemory veya WriteProcessMemory isteðinin sadece bir parçasý tamamlandý. (0x12B)
[0805/132240.549:WARNING:pe_image_reader.cc(340)] could not read dos header from C:\Windows\SYSTEM32\CRYPTBASE.DLL
[0805/132240.549:ERROR:process_memory_win.cc(73)] ReadMemory at 0x7ff7eead0000 of 64 bytes failed: ReadProcessMemory veya WriteProcessMemory isteðinin sadece bir parçasý tamamlandý. (0x12B)
[0805/132240.549:WARNING:pe_image_reader.cc(340)] could not read dos header from C:\Program Files (x86)\Google\Chrome\Application\chrome.exe
[0805/132240.549:ERROR:process_memory_win.cc(73)] ReadMemory at 0x7ffb9f2a0000 of 64 bytes failed: ReadProcessMemory veya WriteProcessMemory isteðinin sadece bir parçasý tamamlandý. (0x12B)
[0805/132240.549:WARNING:pe_image_reader.cc(340)] could not read dos header from C:\Windows\SYSTEM32\ntdll.dll
[0805/132240.549:ERROR:process_memory_win.cc(73)] ReadMemory at 0x7ffb9ef60000 of 64 bytes failed: ReadProcessMemory veya WriteProcessMemory isteðinin sadece bir parçasý tamamlandý. (0x12B)
[0805/132240.549:WARNING:pe_image_reader.cc(340)] could not read dos header from C:\Windows\System32\KERNEL32.DLL
[0805/132240.549:ERROR:process_memory_win.cc(73)] ReadMemory at 0x7ffb9cee0000 of 64 bytes failed: ReadProcessMemory veya WriteProcessMemory isteðinin sadece bir parçasý tamamlandý. (0x12B)
[0805/132240.549:WARNING:pe_image_reader.cc(340)] could not read dos header from C:\Windows\System32\KERNELBASE.dll
[0805/132240.549:ERROR:process_memory_win.cc(73)] ReadMemory at 0x7ffb57120000 of 64 bytes failed: ReadProcessMemory veya WriteProcessMemory isteðinin sadece bir parçasý tamamlandý. (0x12B)
[0805/132240.549:WARNING:pe_image_reader.cc(340)] could not read dos header from C:\Program Files (x86)\Google\Chrome\Application\84.0.4147.105\chrome_elf.dll
[0805/132240.549:ERROR:process_memory_win.cc(73)] ReadMemory at 0x7ffb93790000 of 64 bytes failed: ReadProcessMemory veya WriteProcessMemory isteðinin sadece bir parçasý tamamlandý. (0x12B)
[0805/132240.549:WARNING:pe_image_reader.cc(340)] could not read dos header from C:\Windows\SYSTEM32\VERSION.dll
[0805/132240.549:ERROR:process_memory_win.cc(73)] ReadMemory at 0x7ffb9f140000 of 64 bytes failed: ReadProcessMemory veya WriteProcessMemory isteðinin sadece bir parçasý tamamlandý. (0x12B)
[0805/132240.549:WARNING:pe_image_reader.cc(340)] could not read dos header from C:\Windows\System32\msvcrt.dll
[0805/132240.549:ERROR:process_memory_win.cc(73)] ReadMemory at 0x7ffb9d190000 of 64 bytes failed: ReadProcessMemory veya WriteProcessMemory isteðinin sadece bir parçasý tamamlandý. (0x12B)
[0805/132240.549:WARNING:pe_image_reader.cc(340)] could not read dos header from C:\Windows\System32\bcryptPrimitives.dll
[0805/132240.549:ERROR:process_memory_win.cc(73)] ReadMemory at 0x7ffb9d350000 of 64 bytes failed: ReadProcessMemory veya WriteProcessMemory isteðinin sadece bir parçasý tamamlandý. (0x12B)
[0805/132240.549:WARNING:pe_image_reader.cc(340)] could not read dos header from C:\Windows\System32\ADVAPI32.dll
[0805/132240.549:ERROR:process_memory_win.cc(73)] ReadMemory at 0x7ffb9e910000 of 64 bytes failed: ReadProcessMemory veya WriteProcessMemory isteðinin sadece bir parçasý tamamlandý. (0x12B)
[0805/132240.549:WARNING:pe_image_reader.cc(340)] could not read dos header from C:\Windows\System32\sechost.dll
[0805/132240.550:ERROR:process_memory_win.cc(73)] ReadMemory at 0x13452150000 of 64 bytes failed: ReadProcessMemory veya WriteProcessMemory isteðinin sadece bir parçasý tamamlandý. (0x12B)
[0805/132240.550:WARNING:pe_image_reader.cc(340)] could not read dos header from C:\Windows\System32\RPCRT4.dll
[0805/132240.550:ERROR:process_memory_win.cc(73)] ReadMemory at 0x7ffb28c30000 of 64 bytes failed: ReadProcessMemory veya WriteProcessMemory isteðinin sadece bir parçasý tamamlandý. (0x12B)
[0805/132240.550:WARNING:pe_image_reader.cc(340)] could not read dos header from C:\Program Files (x86)\Google\Chrome\Application\84.0.4147.105\chrome.dll
[0805/132240.550:ERROR:process_memory_win.cc(73)] ReadMemory at 0x7ffb9e870000 of 64 bytes failed: ReadProcessMemory veya WriteProcessMemory isteðinin sadece bir parçasý tamamlandý. (0x12B)
[0805/132240.550:WARNING:pe_image_reader.cc(340)] could not read dos header from C:\Windows\System32\WS2_32.dll
[0805/132240.550:ERROR:process_memory_win.cc(73)] ReadMemory at 0x7ffb9dda0000 of 64 bytes failed: ReadProcessMemory veya WriteProcessMemory isteðinin sadece bir parçasý tamamlandý. (0x12B)
[0805/132240.550:WARNING:pe_image_reader.cc(340)] could not read dos header from C:\Windows\System32\OLEAUT32.dll
[0805/132240.550:ERROR:process_memory_win.cc(73)] ReadMemory at 0x7ffb9d2b0000 of 64 bytes failed: ReadProcessMemory veya WriteProcessMemory isteðinin sadece bir parçasý tamamlandý. (0x12B)
[0805/132240.550:WARNING:pe_image_reader.cc(340)] could not read dos header from C:\Windows\System32\msvcp_win.dll
[0805/132240.550:ERROR:process_memory_win.cc(73)] ReadMemory at 0x7ffb9c280000 of 64 bytes failed: ReadProcessMemory veya WriteProcessMemory isteðinin sadece bir parçasý tamamlandý. (0x12B)
[0805/132240.550:WARNING:pe_image_reader.cc(340)] could not read dos header from C:\Windows\System32\ucrtbase.dll
[0805/132240.550:ERROR:process_memory_win.cc(73)] ReadMemory at 0x7ffb9e9b0000 of 64 bytes failed: ReadProcessMemory veya WriteProcessMemory isteðinin sadece bir parçasý tamamlandý. (0x12B)
[0805/132240.550:WARNING:pe_image_reader.cc(340)] could not read dos header from C:\Windows\System32\combase.dll
[0805/132240.550:ERROR:process_memory_win.cc(73)] ReadMemory at 0x7ffb9c220000 of 64 bytes failed: ReadProcessMemory veya WriteProcessMemory isteðinin sadece bir parçasý tamamlandý. (0x12B)
[0805/132240.550:WARNING:pe_image_reader.cc(340)] could not read dos header from C:\Windows\System32\WINTRUST.dll
[0805/132240.550:ERROR:process_memory_win.cc(73)] ReadMemory at 0x7ffb9c1b0000 of 64 bytes failed: ReadProcessMemory veya WriteProcessMemory isteðinin sadece bir parçasý tamamlandý. (0x12B)
[0805/132240.550:WARNING:pe_image_reader.cc(340)] could not read dos header from C:\Windows\System32\MSASN1.dll
[0805/132240.550:ERROR:process_memory_win.cc(73)] ReadMemory at 0x7ffb9cd90000 of 64 bytes failed: ReadProcessMemory veya WriteProcessMemory isteðinin sadece bir parçasý tamamlandý. (0x12B)
[0805/132240.550:WARNING:pe_image_reader.cc(340)] could not read dos header from C:\Windows\System32\CRYPT32.dll
[0805/132240.550:ERROR:process_memory_win.cc(73)] ReadMemory at 0x7ffb9aff0000 of 64 bytes failed: ReadProcessMemory veya WriteProcessMemory isteðinin sadece bir parçasý tamamlandý. (0x12B)
[0805/132240.550:WARNING:pe_image_reader.cc(340)] could not read dos header from C:\Windows\SYSTEM32\IPHLPAPI.DLL
[0805/132240.550:ERROR:process_memory_win.cc(73)] ReadMemory at 0x7ffb99d60000 of 64 bytes failed: ReadProcessMemory veya WriteProcessMemory isteðinin sadece bir parçasý tamamlandý. (0x12B)
[0805/132240.550:WARNING:pe_image_reader.cc(340)] could not read dos header from C:\Windows\SYSTEM32\WINMM.dll
[0805/132240.550:ERROR:process_memory_win.cc(73)] ReadMemory at 0x7ffb861a0000 of 64 bytes failed: ReadProcessMemory veya WriteProcessMemory isteðinin sadece bir parçasý tamamlandý. (0x12B)
[0805/132240.550:WARNING:pe_image_reader.cc(340)] could not read dos header from C:\Windows\SYSTEM32\Secur32.dll
[0805/132240.550:ERROR:process_memory_win.cc(73)] ReadMemory at 0x7ffb9c070000 of 64 bytes failed: ReadProcessMemory veya WriteProcessMemory isteðinin sadece bir parçasý tamamlandý. (0x12B)
[0805/132240.550:WARNING:pe_image_reader.cc(340)] could not read dos header from C:\Windows\SYSTEM32\USERENV.dll
[0805/132240.550:ERROR:process_memory_win.cc(73)] ReadMemory at 0x7ffb9c1f0000 of 64 bytes failed: ReadProcessMemory veya WriteProcessMemory isteðinin sadece bir parçasý tamamlandý. (0x12B)
[0805/132240.550:WARNING:pe_image_reader.cc(340)] could not read dos header from C:\Windows\System32\profapi.dll
[0805/132240.550:ERROR:process_memory_win.cc(73)] ReadMemory at 0x7ffb740f0000 of 64 bytes failed: ReadProcessMemory veya WriteProcessMemory isteðinin sadece bir parçasý tamamlandý. (0x12B)
[0805/132240.550:WARNING:pe_image_reader.cc(340)] could not read dos header from C:\Windows\SYSTEM32\UIAutomationCore.DLL
[0805/132240.550:ERROR:process_memory_win.cc(73)] ReadMemory at 0x7ffb83f60000 of 64 bytes failed: ReadProcessMemory veya WriteProcessMemory isteðinin sadece bir parçasý tamamlandý. (0x12B)
[0805/132240.550:WARNING:pe_image_reader.cc(340)] could not read dos header from C:\Windows\SYSTEM32\DWrite.dll
[0805/132240.550:ERROR:process_memory_win.cc(73)] ReadMemory at 0x7ffb85cc0000 of 64 bytes failed: ReadProcessMemory veya WriteProcessMemory isteðinin sadece bir parçasý tamamlandý. (0x12B)
[0805/132240.550:WARNING:pe_image_reader.cc(340)] could not read dos header from C:\Windows\SYSTEM32\WINSPOOL.DRV
[0805/132240.550:ERROR:process_memory_win.cc(73)] ReadMemory at 0x7ffb9c1d0000 of 64 bytes failed: ReadProcessMemory veya WriteProcessMemory isteðinin sadece bir parçasý tamamlandý. (0x12B)
[0805/132240.550:WARNING:pe_image_reader.cc(340)] could not read dos header from C:\Windows\System32\kernel.appcore.dll
[0805/132240.550:ERROR:process_memory_win.cc(73)] ReadMemory at 0x7ffb9c430000 of 64 bytes failed: ReadProcessMemory veya WriteProcessMemory isteðinin sadece bir parçasý tamamlandý. (0x12B)
[0805/132240.550:WARNING:pe_image_reader.cc(340)] could not read dos header from C:\Windows\System32\bcrypt.dll
[0805/132240.550:ERROR:process_memory_win.cc(73)] ReadMemory at 0x7ffb9bc70000 of 64 bytes failed: ReadProcessMemory veya WriteProcessMemory isteðinin sadece bir parçasý tamamlandý. (0x12B)
[0805/132240.550:WARNING:pe_image_reader.cc(340)] could not read dos header from C:\Windows\SYSTEM32\dbghelp.dll
[0805/132240.550:ERROR:process_memory_win.cc(73)] ReadMemory at 0x7ffb8f5e0000 of 64 bytes failed: ReadProcessMemory veya WriteProcessMemory isteðinin sadece bir parçasý tamamlandý. (0x12B)
[0805/132240.550:WARNING:pe_image_reader.cc(340)] could not read dos header from C:\Windows\SYSTEM32\WINHTTP.dll
[0805/132240.550:ERROR:process_memory_win.cc(73)] ReadMemory at 0x7ffb95540000 of 64 bytes failed: ReadProcessMemory veya WriteProcessMemory isteðinin sadece bir parçasý tamamlandý. (0x12B)
[0805/132240.550:WARNING:pe_image_reader.cc(340)] could not read dos header from C:\Windows\SYSTEM32\dhcpcsvc.DLL
[0805/132240.550:ERROR:process_memory_win.cc(73)] ReadMemory at 0x7ffb9f250000 of 64 bytes failed: ReadProcessMemory veya WriteProcessMemory isteðinin sadece bir parçasý tamamlandý. (0x12B)
[0805/132240.550:WARNING:pe_image_reader.cc(340)] could not read dos header from C:\Windows\System32\NSI.dll
[0805/132240.550:ERROR:process_memory_win.cc(73)] ReadMemory at 0x7ffb99c00000 of 64 bytes failed: ReadProcessMemory veya WriteProcessMemory isteðinin sadece bir parçasý tamamlandý. (0x12B)
[0805/132240.550:WARNING:pe_image_reader.cc(340)] could not read dos header from C:\Windows\SYSTEM32\WINMMBASE.dll
[0805/132240.550:ERROR:process_memory_win.cc(73)] ReadMemory at 0x7ffb9d230000 of 64 bytes failed: ReadProcessMemory veya WriteProcessMemory isteðinin sadece bir parçasý tamamlandý. (0x12B)
[0805/132240.550:WARNING:pe_image_reader.cc(340)] could not read dos header from C:\Windows\System32\cfgmgr32.dll
[0805/132240.550:ERROR:process_memory_win.cc(73)] ReadMemory at 0x7ffb98570000 of 64 bytes failed: ReadProcessMemory veya WriteProcessMemory isteðinin sadece bir parçasý tamamlandý. (0x12B)
[0805/132240.551:WARNING:pe_image_reader.cc(340)] could not read dos header from C:\Windows\SYSTEM32\PROPSYS.dll
[0805/132240.551:ERROR:process_memory_win.cc(73)] ReadMemory at 0x7ffb9e060000 of 64 bytes failed: ReadProcessMemory veya WriteProcessMemory isteðinin sadece bir parçasý tamamlandý. (0x12B)
[0805/132240.551:WARNING:pe_image_reader.cc(340)] could not read dos header from C:\Windows\System32\shcore.dll
[0805/132240.551:ERROR:process_memory_win.cc(73)] ReadMemory at 0x7ffb9c040000 of 64 bytes failed: ReadProcessMemory veya WriteProcessMemory isteðinin sadece bir parçasý tamamlandý. (0x12B)
[0805/132240.551:WARNING:pe_image_reader.cc(340)] could not read dos header from C:\Windows\SYSTEM32\SSPICLI.DLL
[0805/132240.551:ERROR:process_memory_win.cc(73)] ReadMemory at 0x7ffb9b4b0000 of 64 bytes failed: ReadProcessMemory veya WriteProcessMemory isteðinin sadece bir parçasý tamamlandý. (0x12B)
[0805/132240.551:WARNING:pe_image_reader.cc(340)] could not read dos header from C:\Windows\SYSTEM32\CRYPTBASE.DLL
[0805/132240.555:ERROR:process_memory_win.cc(73)] ReadMemory at 0xa9f1f9000 of 28672 bytes failed: ReadProcessMemory veya WriteProcessMemory isteðinin sadece bir parçasý tamamlandý. (0x12B)
[0805/132240.555:ERROR:process_memory_win.cc(73)] ReadMemory at 0xa9f9fd000 of 12288 bytes failed: ReadProcessMemory veya WriteProcessMemory isteðinin sadece bir parçasý tamamlandý. (0x12B)
[0805/132240.555:ERROR:process_memory_win.cc(73)] ReadMemory at 0xaa01fd000 of 12288 bytes failed: ReadProcessMemory veya WriteProcessMemory isteðinin sadece bir parçasý tamamlandý. (0x12B)
[0805/132240.555:ERROR:process_memory_win.cc(73)] ReadMemory at 0xaa09fd000 of 12288 bytes failed: ReadProcessMemory veya WriteProcessMemory isteðinin sadece bir parçasý tamamlandý. (0x12B)
[0805/132240.555:ERROR:process_memory_win.cc(73)] ReadMemory at 0xaa11fc000 of 16384 bytes failed: ReadProcessMemory veya WriteProcessMemory isteðinin sadece bir parçasý tamamlandý. (0x12B)
[0805/132240.555:ERROR:process_memory_win.cc(73)] ReadMemory at 0xaa19fe000 of 8192 bytes failed: ReadProcessMemory veya WriteProcessMemory isteðinin sadece bir parçasý tamamlandý. (0x12B)
[0805/132240.555:ERROR:process_memory_win.cc(73)] ReadMemory at 0xaa21fd000 of 12288 bytes failed: ReadProcessMemory veya WriteProcessMemory isteðinin sadece bir parçasý tamamlandý. (0x12B)
[0805/132240.555:ERROR:process_memory_win.cc(73)] ReadMemory at 0xaa29fd000 of 12288 bytes failed: ReadProcessMemory veya WriteProcessMemory isteðinin sadece bir parçasý tamamlandý. (0x12B)
[0805/132240.555:ERROR:process_memory_win.cc(73)] ReadMemory at 0xaa31fd000 of 12288 bytes failed: ReadProcessMemory veya WriteProcessMemory isteðinin sadece bir parçasý tamamlandý. (0x12B)
[0805/132240.555:ERROR:process_memory_win.cc(73)] ReadMemory at 0xaa39fd000 of 12288 bytes failed: ReadProcessMemory veya WriteProcessMemory isteðinin sadece bir parçasý tamamlandý. (0x12B)
[0805/132240.555:ERROR:process_memory_win.cc(73)] ReadMemory at 0xaa41fd000 of 12288 bytes failed: ReadProcessMemory veya WriteProcessMemory isteðinin sadece bir parçasý tamamlandý. (0x12B)
[0805/132240.555:ERROR:process_memory_win.cc(73)] ReadMemory at 0xaa49fd000 of 12288 bytes failed: ReadProcessMemory veya WriteProcessMemory isteðinin sadece bir parçasý tamamlandý. (0x12B)
[0805/132240.555:ERROR:process_memory_win.cc(73)] ReadMemory at 0xaa51fd000 of 12288 bytes failed: ReadProcessMemory veya WriteProcessMemory isteðinin sadece bir parçasý tamamlandý. (0x12B)
[0805/132240.555:ERROR:process_memory_win.cc(73)] ReadMemory at 0xaa59fd000 of 12288 bytes failed: ReadProcessMemory veya WriteProcessMemory isteðinin sadece bir parçasý tamamlandý. (0x12B)
[0805/132240.555:ERROR:process_memory_win.cc(73)] ReadMemory at 0xaa61fd000 of 12288 bytes failed: ReadProcessMemory veya WriteProcessMemory isteðinin sadece bir parçasý tamamlandý. (0x12B)
[0805/132240.555:ERROR:process_memory_win.cc(73)] ReadMemory at 0xaa69fd000 of 12288 bytes failed: ReadProcessMemory veya WriteProcessMemory isteðinin sadece bir parçasý tamamlandý. (0x12B)
[0805/132240.555:ERROR:process_memory_win.cc(73)] ReadMemory at 0xa9e8c6000 of 852 bytes failed: ReadProcessMemory veya WriteProcessMemory isteðinin sadece bir parçasý tamamlandý. (0x12B)
[0805/132240.555:ERROR:process_memory_win.cc(73)] ReadMemory at 0xa9e8c7000 of 6024 bytes failed: ReadProcessMemory veya WriteProcessMemory isteðinin sadece bir parçasý tamamlandý. (0x12B)
[0805/132240.556:ERROR:process_memory_win.cc(73)] ReadMemory at 0xa9e8c9000 of 6024 bytes failed: ReadProcessMemory veya WriteProcessMemory isteðinin sadece bir parçasý tamamlandý. (0x12B)
[0805/132240.556:ERROR:process_memory_win.cc(73)] ReadMemory at 0xa9e8cb000 of 6024 bytes failed: ReadProcessMemory veya WriteProcessMemory isteðinin sadece bir parçasý tamamlandý. (0x12B)
[0805/132240.556:ERROR:process_memory_win.cc(73)] ReadMemory at 0xa9e8cd000 of 6024 bytes failed: ReadProcessMemory veya WriteProcessMemory isteðinin sadece bir parçasý tamamlandý. (0x12B)
[0805/132240.556:ERROR:process_memory_win.cc(73)] ReadMemory at 0xa9e8cf000 of 6024 bytes failed: ReadProcessMemory veya WriteProcessMemory isteðinin sadece bir parçasý tamamlandý. (0x12B)
[0805/132240.556:ERROR:process_memory_win.cc(73)] ReadMemory at 0xa9e8d1000 of 6024 bytes failed: ReadProcessMemory veya WriteProcessMemory isteðinin sadece bir parçasý tamamlandý. (0x12B)
[0805/132240.556:ERROR:process_memory_win.cc(73)] ReadMemory at 0xa9e8d3000 of 6024 bytes failed: ReadProcessMemory veya WriteProcessMemory isteðinin sadece bir parçasý tamamlandý. (0x12B)
[0805/132240.556:ERROR:process_memory_win.cc(73)] ReadMemory at 0xa9e8d5000 of 6024 bytes failed: ReadProcessMemory veya WriteProcessMemory isteðinin sadece bir parçasý tamamlandý. (0x12B)
[0805/132240.556:ERROR:process_memory_win.cc(73)] ReadMemory at 0xa9e8d7000 of 6024 bytes failed: ReadProcessMemory veya WriteProcessMemory isteðinin sadece bir parçasý tamamlandý. (0x12B)
[0805/132240.556:ERROR:process_memory_win.cc(73)] ReadMemory at 0xa9e8d9000 of 6024 bytes failed: ReadProcessMemory veya WriteProcessMemory isteðinin sadece bir parçasý tamamlandý. (0x12B)
[0805/132240.556:ERROR:process_memory_win.cc(73)] ReadMemory at 0xa9e8db000 of 6024 bytes failed: ReadProcessMemory veya WriteProcessMemory isteðinin sadece bir parçasý tamamlandý. (0x12B)
[0805/132240.556:ERROR:process_memory_win.cc(73)] ReadMemory at 0xa9e8dd000 of 6024 bytes failed: ReadProcessMemory veya WriteProcessMemory isteðinin sadece bir parçasý tamamlandý. (0x12B)
[0805/132240.556:ERROR:process_memory_win.cc(73)] ReadMemory at 0xa9e8df000 of 6024 bytes failed: ReadProcessMemory veya WriteProcessMemory isteðinin sadece bir parçasý tamamlandý. (0x12B)
[0805/132240.556:ERROR:process_memory_win.cc(73)] ReadMemory at 0xa9e8e1000 of 6024 bytes failed: ReadProcessMemory veya WriteProcessMemory isteðinin sadece bir parçasý tamamlandý. (0x12B)
[0805/132240.556:ERROR:process_memory_win.cc(73)] ReadMemory at 0xa9e8e3000 of 6024 bytes failed: ReadProcessMemory veya WriteProcessMemory isteðinin sadece bir parçasý tamamlandý. (0x12B)
[0805/132240.556:ERROR:process_memory_win.cc(73)] ReadMemory at 0xa9e8e5000 of 6024 bytes failed: ReadProcessMemory veya WriteProcessMemory isteðinin sadece bir parçasý tamamlandý. (0x12B)
[0805/132240.556:ERROR:process_memory_win.cc(73)] ReadMemory at 0x13451fd0f40 of 512 bytes failed: ReadProcessMemory veya WriteProcessMemory isteðinin sadece bir parçasý tamamlandý. (0x12B)
[0805/132240.556:ERROR:process_memory_win.cc(73)] ReadMemory at 0x13452050fe0 of 18286 bytes failed: ReadProcessMemory veya WriteProcessMemory isteðinin sadece bir parçasý tamamlandý. (0x12B)
[0805/132240.556:ERROR:process_memory_win.cc(73)] ReadMemory at 0x13452055760 of 1012 bytes failed: ReadProcessMemory veya WriteProcessMemory isteðinin sadece bir parçasý tamamlandý. (0x12B)
[0805/132240.556:ERROR:process_memory_win.cc(73)] ReadMemory at 0x13452055da8 of 118 bytes failed: ReadProcessMemory veya WriteProcessMemory isteðinin sadece bir parçasý tamamlandý. (0x12B)
[0805/132240.556:ERROR:process_memory_win.cc(73)] ReadMemory at 0x13452055e20 of 756 bytes failed: ReadProcessMemory veya WriteProcessMemory isteðinin sadece bir parçasý tamamlandý. (0x12B)
[0805/132240.556:ERROR:process_memory_win.cc(73)] ReadMemory at 0x13452056116 of 118 bytes failed: ReadProcessMemory veya WriteProcessMemory isteðinin sadece bir parçasý tamamlandý. (0x12B)
[0805/132240.556:ERROR:process_memory_win.cc(73)] ReadMemory at 0x1345205618e of 98 bytes failed: ReadProcessMemory veya WriteProcessMemory isteðinin sadece bir parçasý tamamlandý. (0x12B)
[0805/132240.556:ERROR:process_memory_win.cc(73)] ReadMemory at 0x13452056200 of 58 bytes failed: ReadProcessMemory veya WriteProcessMemory isteðinin sadece bir parçasý tamamlandý. (0x12B)
[0805/132240.556:ERROR:process_memory_win.cc(73)] ReadMemory at 0x13452056300 of 132 bytes failed: ReadProcessMemory veya WriteProcessMemory isteðinin sadece bir parçasý tamamlandý. (0x12B)
[0805/132240.557:ERROR:process_memory_win.cc(73)] ReadMemory at 0x13452056490 of 132 bytes failed: ReadProcessMemory veya WriteProcessMemory isteðinin sadece bir parçasý tamamlandý. (0x12B)
[0805/132240.557:ERROR:process_memory_win.cc(73)] ReadMemory at 0x13452056650 of 126 bytes failed: ReadProcessMemory veya WriteProcessMemory isteðinin sadece bir parçasý tamamlandý. (0x12B)
[0805/132240.557:ERROR:process_memory_win.cc(73)] ReadMemory at 0x13452056a30 of 132 bytes failed: ReadProcessMemory veya WriteProcessMemory isteðinin sadece bir parçasý tamamlandý. (0x12B)
[0805/132240.557:ERROR:process_memory_win.cc(73)] ReadMemory at 0x13452056bc0 of 64 bytes failed: ReadProcessMemory veya WriteProcessMemory isteðinin sadece bir parçasý tamamlandý. (0x12B)
[0805/132240.557:ERROR:process_memory_win.cc(73)] ReadMemory at 0x13452056d80 of 132 bytes failed: ReadProcessMemory veya WriteProcessMemory isteðinin sadece bir parçasý tamamlandý. (0x12B)
[0805/132240.557:ERROR:process_memory_win.cc(73)] ReadMemory at 0x13452057020 of 132 bytes failed: ReadProcessMemory veya WriteProcessMemory isteðinin sadece bir parçasý tamamlandý. (0x12B)
[0805/132240.557:ERROR:process_memory_win.cc(73)] ReadMemory at 0x134520571b0 of 68 bytes failed: ReadProcessMemory veya WriteProcessMemory isteðinin sadece bir parçasý tamamlandý. (0x12B)
[0805/132240.557:ERROR:process_memory_win.cc(73)] ReadMemory at 0x13452058280 of 132 bytes failed: ReadProcessMemory veya WriteProcessMemory isteðinin sadece bir parçasý tamamlandý. (0x12B)
[0805/132240.557:ERROR:process_memory_win.cc(73)] ReadMemory at 0x13452058410 of 154 bytes failed: ReadProcessMemory veya WriteProcessMemory isteðinin sadece bir parçasý tamamlandý. (0x12B)
[0805/132240.557:ERROR:process_memory_win.cc(73)] ReadMemory at 0x13452059230 of 62 bytes failed: ReadProcessMemory veya WriteProcessMemory isteðinin sadece bir parçasý tamamlandý. (0x12B)
[0805/132240.557:ERROR:process_memory_win.cc(73)] ReadMemory at 0x13452059390 of 132 bytes failed: ReadProcessMemory veya WriteProcessMemory isteðinin sadece bir parçasý tamamlandý. (0x12B)
[0805/132240.557:ERROR:process_memory_win.cc(73)] ReadMemory at 0x13452059520 of 60 bytes failed: ReadProcessMemory veya WriteProcessMemory isteðinin sadece bir parçasý tamamlandý. (0x12B)
[0805/132240.557:ERROR:process_memory_win.cc(73)] ReadMemory at 0x134520685f0 of 62 bytes failed: ReadProcessMemory veya WriteProcessMemory isteðinin sadece bir parçasý tamamlandý. (0x12B)
[0805/132240.557:ERROR:process_memory_win.cc(73)] ReadMemory at 0x13452068690 of 60 bytes failed: ReadProcessMemory veya WriteProcessMemory isteðinin sadece bir parçasý tamamlandý. (0x12B)
[0805/132240.557:ERROR:process_memory_win.cc(73)] ReadMemory at 0x13452068870 of 64 bytes failed: ReadProcessMemory veya WriteProcessMemory isteðinin sadece bir parçasý tamamlandý. (0x12B)
[0805/132240.557:ERROR:process_memory_win.cc(73)] ReadMemory at 0x13452068960 of 66 bytes failed: ReadProcessMemory veya WriteProcessMemory isteðinin sadece bir parçasý tamamlandý. (0x12B)
[0805/132240.557:ERROR:process_memory_win.cc(73)] ReadMemory at 0x134520689b0 of 62 bytes failed: ReadProcessMemory veya WriteProcessMemory isteðinin sadece bir parçasý tamamlandý. (0x12B)
[0805/132240.557:ERROR:process_memory_win.cc(73)] ReadMemory at 0x13452068be0 of 64 bytes failed: ReadProcessMemory veya WriteProcessMemory isteðinin sadece bir parçasý tamamlandý. (0x12B)
[0805/132240.557:ERROR:process_memory_win.cc(73)] ReadMemory at 0x13452068c30 of 64 bytes failed: ReadProcessMemory veya WriteProcessMemory isteðinin sadece bir parçasý tamamlandý. (0x12B)
[0805/132240.557:ERROR:process_memory_win.cc(73)] ReadMemory at 0x13452068f50 of 64 bytes failed: ReadProcessMemory veya WriteProcessMemory isteðinin sadece bir parçasý tamamlandý. (0x12B)
[0805/132240.557:ERROR:process_memory_win.cc(73)] ReadMemory at 0x13452069130 of 60 bytes failed: ReadProcessMemory veya WriteProcessMemory isteðinin sadece bir parçasý tamamlandý. (0x12B)
[0805/132240.557:ERROR:process_memory_win.cc(73)] ReadMemory at 0x13452069180 of 62 bytes failed: ReadProcessMemory veya WriteProcessMemory isteðinin sadece bir parçasý tamamlandý. (0x12B)
[0805/132240.557:ERROR:process_memory_win.cc(73)] ReadMemory at 0x13452069220 of 64 bytes failed: ReadProcessMemory veya WriteProcessMemory isteðinin sadece bir parçasý tamamlandý. (0x12B)
[0805/132240.557:ERROR:process_memory_win.cc(73)] ReadMemory at 0x13452069270 of 60 bytes failed: ReadProcessMemory veya WriteProcessMemory isteðinin sadece bir parçasý tamamlandý. (0x12B)
[0805/132240.557:ERROR:process_memory_win.cc(73)] ReadMemory at 0x13452069400 of 58 bytes failed: ReadProcessMemory veya WriteProcessMemory isteðinin sadece bir parçasý tamamlandý. (0x12B)
[0805/132240.557:ERROR:process_memory_win.cc(73)] ReadMemory at 0x13452069450 of 62 bytes failed: ReadProcessMemory veya WriteProcessMemory isteðinin sadece bir parçasý tamamlandý. (0x12B)
[0805/132240.558:ERROR:process_memory_win.cc(73)] ReadMemory at 0x1345206a1e0 of 80 bytes failed: ReadProcessMemory veya WriteProcessMemory isteðinin sadece bir parçasý tamamlandý. (0x12B)
[0805/132240.558:ERROR:process_memory_win.cc(73)] ReadMemory at 0x1345206de00 of 132 bytes failed: ReadProcessMemory veya WriteProcessMemory isteðinin sadece bir parçasý tamamlandý. (0x12B)
[0805/132240.558:ERROR:process_memory_win.cc(73)] ReadMemory at 0x1345206e220 of 132 bytes failed: ReadProcessMemory veya WriteProcessMemory isteðinin sadece bir parçasý tamamlandý. (0x12B)
[0805/132240.558:ERROR:process_memory_win.cc(73)] ReadMemory at 0x1345206e820 of 80 bytes failed: ReadProcessMemory veya WriteProcessMemory isteðinin sadece bir parçasý tamamlandý. (0x12B)
[0805/132240.558:ERROR:process_memory_win.cc(73)] ReadMemory at 0x1345206f0c0 of 76 bytes failed: ReadProcessMemory veya WriteProcessMemory isteðinin sadece bir parçasý tamamlandý. (0x12B)
[0805/132240.558:ERROR:process_memory_win.cc(73)] ReadMemory at 0x1345206f3b0 of 132 bytes failed: ReadProcessMemory veya WriteProcessMemory isteðinin sadece bir parçasý tamamlandý. (0x12B)
[0805/132240.558:ERROR:process_memory_win.cc(73)] ReadMemory at 0x1345206f4e0 of 132 bytes failed: ReadProcessMemory veya WriteProcessMemory isteðinin sadece bir parçasý tamamlandý. (0x12B)
[0805/132240.558:ERROR:process_memory_win.cc(73)] ReadMemory at 0x1345206f610 of 132 bytes failed: ReadProcessMemory veya WriteProcessMemory isteðinin sadece bir parçasý tamamlandý. (0x12B)
[0805/132240.558:ERROR:process_memory_win.cc(73)] ReadMemory at 0x1345206f740 of 132 bytes failed: ReadProcessMemory veya WriteProcessMemory isteðinin sadece bir parçasý tamamlandý. (0x12B)
[0805/132240.558:ERROR:process_memory_win.cc(73)] ReadMemory at 0x1345206f9a0 of 132 bytes failed: ReadProcessMemory veya WriteProcessMemory isteðinin sadece bir parçasý tamamlandý. (0x12B)
[0805/132240.558:ERROR:process_memory_win.cc(73)] ReadMemory at 0x1345206fad0 of 132 bytes failed: ReadProcessMemory veya WriteProcessMemory isteðinin sadece bir parçasý tamamlandý. (0x12B)
[0805/132240.558:ERROR:process_memory_win.cc(73)] ReadMemory at 0x1345206fc00 of 132 bytes failed: ReadProcessMemory veya WriteProcessMemory isteðinin sadece bir parçasý tamamlandý. (0x12B)
[0805/132240.558:ERROR:process_memory_win.cc(73)] ReadMemory at 0x1345206fd30 of 132 bytes failed: ReadProcessMemory veya WriteProcessMemory isteðinin sadece bir parçasý tamamlandý. (0x12B)
[0805/132240.558:ERROR:process_memory_win.cc(73)] ReadMemory at 0x1345206fe60 of 132 bytes failed: ReadProcessMemory veya WriteProcessMemory isteðinin sadece bir parçasý tamamlandý. (0x12B)
[0805/132240.558:ERROR:process_memory_win.cc(73)] ReadMemory at 0x1345206ff90 of 132 bytes failed: ReadProcessMemory veya WriteProcessMemory isteðinin sadece bir parçasý tamamlandý. (0x12B)
[0805/132240.558:ERROR:process_memory_win.cc(73)] ReadMemory at 0x134520700c0 of 132 bytes failed: ReadProcessMemory veya WriteProcessMemory isteðinin sadece bir parçasý tamamlandý. (0x12B)
[0805/132240.558:ERROR:process_memory_win.cc(73)] ReadMemory at 0x134520701f0 of 132 bytes failed: ReadProcessMemory veya WriteProcessMemory isteðinin sadece bir parçasý tamamlandý. (0x12B)
[0805/132240.558:ERROR:process_memory_win.cc(73)] ReadMemory at 0x13452073760 of 132 bytes failed: ReadProcessMemory veya WriteProcessMemory isteðinin sadece bir parçasý tamamlandý. (0x12B)
[0805/132240.558:ERROR:process_memory_win.cc(73)] ReadMemory at 0x13452074250 of 132 bytes failed: ReadProcessMemory veya WriteProcessMemory isteðinin sadece bir parçasý tamamlandý. (0x12B)
[0805/132240.558:ERROR:process_memory_win.cc(73)] ReadMemory at 0x134520746a0 of 54 bytes failed: ReadProcessMemory veya WriteProcessMemory isteðinin sadece bir parçasý tamamlandý. (0x12B)
[0805/132240.558:ERROR:process_memory_win.cc(73)] ReadMemory at 0x13452075dd0 of 132 bytes failed: ReadProcessMemory veya WriteProcessMemory isteðinin sadece bir parçasý tamamlandý. (0x12B)
[0805/132240.558:ERROR:process_memory_win.cc(73)] ReadMemory at 0x13452076400 of 132 bytes failed: ReadProcessMemory veya WriteProcessMemory isteðinin sadece bir parçasý tamamlandý. (0x12B)
[0805/132240.558:ERROR:process_memory_win.cc(73)] ReadMemory at 0x13452077b30 of 146 bytes failed: ReadProcessMemory veya WriteProcessMemory isteðinin sadece bir parçasý tamamlandý. (0x12B)
[0805/132240.558:ERROR:process_memory_win.cc(73)] ReadMemory at 0x1345207a630 of 132 bytes failed: ReadProcessMemory veya WriteProcessMemory isteðinin sadece bir parçasý tamamlandý. (0x12B)
[0805/132240.558:ERROR:process_memory_win.cc(73)] ReadMemory at 0x1345207a850 of 132 bytes failed: ReadProcessMemory veya WriteProcessMemory isteðinin sadece bir parçasý tamamlandý. (0x12B)
[0805/132240.558:ERROR:process_memory_win.cc(73)] ReadMemory at 0x1345207abb0 of 132 bytes failed: ReadProcessMemory veya WriteProcessMemory isteðinin sadece bir parçasý tamamlandý. (0x12B)
[0805/132240.558:ERROR:process_memory_win.cc(73)] ReadMemory at 0x1345207ace0 of 132 bytes failed: ReadProcessMemory veya WriteProcessMemory isteðinin sadece bir parçasý tamamlandý. (0x12B)
[0805/132240.559:ERROR:process_memory_win.cc(73)] ReadMemory at 0x1345207c020 of 132 bytes failed: ReadProcessMemory veya WriteProcessMemory isteðinin sadece bir parçasý tamamlandý. (0x12B)
[0805/132240.559:ERROR:process_memory_win.cc(73)] ReadMemory at 0x1345207c4e0 of 132 bytes failed: ReadProcessMemory veya WriteProcessMemory isteðinin sadece bir parçasý tamamlandý. (0x12B)
[0805/132240.559:ERROR:process_memory_win.cc(73)] ReadMemory at 0x1345207ce60 of 132 bytes failed: ReadProcessMemory veya WriteProcessMemory isteðinin sadece bir parçasý tamamlandý. (0x12B)
[0805/132240.559:ERROR:process_memory_win.cc(73)] ReadMemory at 0x1345207cf90 of 132 bytes failed: ReadProcessMemory veya WriteProcessMemory isteðinin sadece bir parçasý tamamlandý. (0x12B)
[0805/132240.559:ERROR:process_memory_win.cc(73)] ReadMemory at 0x1345207d0c0 of 132 bytes failed: ReadProcessMemory veya WriteProcessMemory isteðinin sadece bir parçasý tamamlandý. (0x12B)
[0805/132240.559:ERROR:process_memory_win.cc(73)] ReadMemory at 0x1345207d1f0 of 132 bytes failed: ReadProcessMemory veya WriteProcessMemory isteðinin sadece bir parçasý tamamlandý. (0x12B)
[0805/132240.559:ERROR:process_memory_win.cc(73)] ReadMemory at 0x1345207d320 of 132 bytes failed: ReadProcessMemory veya WriteProcessMemory isteðinin sadece bir parçasý tamamlandý. (0x12B)
[0805/132240.559:ERROR:process_memory_win.cc(73)] ReadMemory at 0x1345207da40 of 132 bytes failed: ReadProcessMemory veya WriteProcessMemory isteðinin sadece bir parçasý tamamlandý. (0x12B)
[0805/132240.559:ERROR:process_memory_win.cc(73)] ReadMemory at 0x1345207db70 of 132 bytes failed: ReadProcessMemory veya WriteProcessMemory isteðinin sadece bir parçasý tamamlandý. (0x12B)
[0805/132240.559:ERROR:process_memory_win.cc(73)] ReadMemory at 0x1345207ddd0 of 132 bytes failed: ReadProcessMemory veya WriteProcessMemory isteðinin sadece bir parçasý tamamlandý. (0x12B)
[0805/132240.559:ERROR:process_memory_win.cc(73)] ReadMemory at 0x13452081300 of 62 bytes failed: ReadProcessMemory veya WriteProcessMemory isteðinin sadece bir parçasý tamamlandý. (0x12B)
[0805/132240.559:ERROR:process_memory_win.cc(73)] ReadMemory at 0x134520813a0 of 62 bytes failed: ReadProcessMemory veya WriteProcessMemory isteðinin sadece bir parçasý tamamlandý. (0x12B)
[0805/132240.559:ERROR:process_memory_win.cc(73)] ReadMemory at 0x13452081490 of 62 bytes failed: ReadProcessMemory veya WriteProcessMemory isteðinin sadece bir parçasý tamamlandý. (0x12B)
[0805/132240.559:ERROR:process_memory_win.cc(73)] ReadMemory at 0x134520814e0 of 62 bytes failed: ReadProcessMemory veya WriteProcessMemory isteðinin sadece bir parçasý tamamlandý. (0x12B)
[0805/132240.559:ERROR:process_memory_win.cc(73)] ReadMemory at 0x13452081800 of 64 bytes failed: ReadProcessMemory veya WriteProcessMemory isteðinin sadece bir parçasý tamamlandý. (0x12B)
[0805/132240.559:ERROR:process_memory_win.cc(73)] ReadMemory at 0x13452081a80 of 60 bytes failed: ReadProcessMemory veya WriteProcessMemory isteðinin sadece bir parçasý tamamlandý. (0x12B)
[0805/132240.559:ERROR:process_memory_win.cc(73)] ReadMemory at 0x13452081c60 of 60 bytes failed: ReadProcessMemory veya WriteProcessMemory isteðinin sadece bir parçasý tamamlandý. (0x12B)
[0805/132240.559:ERROR:process_memory_win.cc(73)] ReadMemory at 0x13452081e40 of 64 bytes failed: ReadProcessMemory veya WriteProcessMemory isteðinin sadece bir parçasý tamamlandý. (0x12B)
[0805/132240.559:ERROR:process_memory_win.cc(73)] ReadMemory at 0x13452081e90 of 62 bytes failed: ReadProcessMemory veya WriteProcessMemory isteðinin sadece bir parçasý tamamlandý. (0x12B)
[0805/132240.559:ERROR:process_memory_win.cc(73)] ReadMemory at 0x13452081ee0 of 66 bytes failed: ReadProcessMemory veya WriteProcessMemory isteðinin sadece bir parçasý tamamlandý. (0x12B)
[0805/132240.559:ERROR:process_memory_win.cc(73)] ReadMemory at 0x13452081fd0 of 60 bytes failed: ReadProcessMemory veya WriteProcessMemory isteðinin sadece bir parçasý tamamlandý. (0x12B)
[0805/132240.559:ERROR:process_memory_win.cc(73)] ReadMemory at 0x13452082020 of 62 bytes failed: ReadProcessMemory veya WriteProcessMemory isteðinin sadece bir parçasý tamamlandý. (0x12B)
[0805/132240.559:ERROR:process_memory_win.cc(73)] ReadMemory at 0x13452082200 of 64 bytes failed: ReadProcessMemory veya WriteProcessMemory isteðinin sadece bir parçasý tamamlandý. (0x12B)
[0805/132240.559:ERROR:process_memory_win.cc(73)] ReadMemory at 0x134520e3870 of 512 bytes failed: ReadProcessMemory veya WriteProcessMemory isteðinin sadece bir parçasý tamamlandý. (0x12B)
[0805/132240.559:ERROR:process_memory_win.cc(73)] ReadMemory at 0x134521084f0 of 512 bytes failed: ReadProcessMemory veya WriteProcessMemory isteðinin sadece bir parçasý tamamlandý. (0x12B)
[0805/132240.559:ERROR:process_memory_win.cc(73)] ReadMemory at 0x1345210d090 of 512 bytes failed: ReadProcessMemory veya WriteProcessMemory isteðinin sadece bir parçasý tamamlandý. (0x12B)
[0805/132240.559:ERROR:process_memory_win.cc(73)] ReadMemory at 0x1345210f0d0 of 712 bytes failed: ReadProcessMemory veya WriteProcessMemory isteðinin sadece bir parçasý tamamlandý. (0x12B)
[0805/132240.559:ERROR:process_memory_win.cc(73)] ReadMemory at 0x13452139e20 of 512 bytes failed: ReadProcessMemory veya WriteProcessMemory isteðinin sadece bir parçasý tamamlandý. (0x12B)
[0805/132240.560:ERROR:process_memory_win.cc(73)] ReadMemory at 0x1345213a738 of 512 bytes failed: ReadProcessMemory veya WriteProcessMemory isteðinin sadece bir parçasý tamamlandý. (0x12B)
[0805/132240.560:ERROR:process_memory_win.cc(73)] ReadMemory at 0x13453a46690 of 512 bytes failed: ReadProcessMemory veya WriteProcessMemory isteðinin sadece bir parçasý tamamlandý. (0x12B)
[0805/132240.560:ERROR:process_memory_win.cc(73)] ReadMemory at 0x13453a49b38 of 512 bytes failed: ReadProcessMemory veya WriteProcessMemory isteðinin sadece bir parçasý tamamlandý. (0x12B)
[0805/132240.560:ERROR:process_memory_win.cc(73)] ReadMemory at 0x13453a78620 of 512 bytes failed: ReadProcessMemory veya WriteProcessMemory isteðinin sadece bir parçasý tamamlandý. (0x12B)
[0805/132240.560:ERROR:process_memory_win.cc(73)] ReadMemory at 0x13453b17e80 of 512 bytes failed: ReadProcessMemory veya WriteProcessMemory isteðinin sadece bir parçasý tamamlandý. (0x12B)
[0805/132240.560:ERROR:process_memory_win.cc(73)] ReadMemory at 0x13453bf3e30 of 512 bytes failed: ReadProcessMemory veya WriteProcessMemory isteðinin sadece bir parçasý tamamlandý. (0x12B)
[0805/132240.560:ERROR:process_memory_win.cc(73)] ReadMemory at 0x13453c19160 of 512 bytes failed: ReadProcessMemory veya WriteProcessMemory isteðinin sadece bir parçasý tamamlandý. (0x12B)
[0805/132240.560:ERROR:process_memory_win.cc(73)] ReadMemory at 0x13453c22260 of 512 bytes failed: ReadProcessMemory veya WriteProcessMemory isteðinin sadece bir parçasý tamamlandý. (0x12B)
[0805/132240.560:ERROR:process_memory_win.cc(73)] ReadMemory at 0x7ffb2b43979c of 512 bytes failed: ReadProcessMemory veya WriteProcessMemory isteðinin sadece bir parçasý tamamlandý. (0x12B)
[0805/132240.560:ERROR:process_memory_win.cc(73)] ReadMemory at 0x7ffb2bbf37d2 of 553 bytes failed: ReadProcessMemory veya WriteProcessMemory isteðinin sadece bir parçasý tamamlandý. (0x12B)
[0805/132240.560:ERROR:process_memory_win.cc(73)] ReadMemory at 0x7ffb2c889e26 of 512 bytes failed: ReadProcessMemory veya WriteProcessMemory isteðinin sadece bir parçasý tamamlandý. (0x12B)
[0805/132240.560:ERROR:process_memory_win.cc(73)] ReadMemory at 0x7ffb9d14c720 of 512 bytes failed: ReadProcessMemory veya WriteProcessMemory isteðinin sadece bir parçasý tamamlandý. (0x12B)
[0805/132240.560:ERROR:process_memory_win.cc(73)] ReadMemory at 0x7ffb9f33c074 of 672 bytes failed: ReadProcessMemory veya WriteProcessMemory isteðinin sadece bir parçasý tamamlandý. (0x12B)
[0805/132240.560:ERROR:process_memory_win.cc(73)] ReadMemory at 0x7ffb9f33c674 of 512 bytes failed: ReadProcessMemory veya WriteProcessMemory isteðinin sadece bir parçasý tamamlandý. (0x12B)
[0805/132240.560:ERROR:process_memory_win.cc(73)] ReadMemory at 0x7ffb9f33f924 of 608 bytes failed: ReadProcessMemory veya WriteProcessMemory isteðinin sadece bir parçasý tamamlandý. (0x12B)
[0805/132240.560:ERROR:process_memory_win.cc(73)] ReadMemory at 0x7ffb9f3cc428 of 18 bytes failed: ReadProcessMemory veya WriteProcessMemory isteðinin sadece bir parçasý tamamlandý. (0x12B)
[0805/132240.560:ERROR:process_memory_win.cc(73)] ReadMemory at 0x7ffb9f3ff4f8 of 40 bytes failed: ReadProcessMemory veya WriteProcessMemory isteðinin sadece bir parçasý tamamlandý. (0x12B)
[0805/132240.560:ERROR:process_memory_win.cc(73)] ReadMemory at 0x7ffb9f3ff978 of 48 bytes failed: ReadProcessMemory veya WriteProcessMemory isteðinin sadece bir parçasý tamamlandý. (0x12B)
[0805/132240.560:ERROR:process_memory_win.cc(73)] ReadMemory at 0x7ffb9f4053c0 of 64 bytes failed: ReadProcessMemory veya WriteProcessMemory isteðinin sadece bir parçasý tamamlandý. (0x12B)
[0805/132240.561:ERROR:scoped_process_suspend.cc(40)] NtResumeProcess: Sona ermekte olan bir iþleme eriþmeye çalýþýldý. (0xc000010a)
